This file contains any messages produced by compilers while
running configure, to aid debugging if configure makes a mistake.

It was created by position configure 0.0.1, which was
generated by GNU Autoconf 2.69.  Invocation command line was

  $ ./configure --host=x86_64-w64-mingw32 --prefix=/usr/x86_64-w64-mingw32

## --------- ##
## Platform. ##
## --------- ##

hostname = tim-linux
uname -m = x86_64
uname -r = 5.2.0-rc6-19.06.26.amdgpu
uname -s = Linux
uname -v = #1 SMP Wed Jun 26 08:45:18 CEST 2019

/usr/bin/uname -p = unknown
/bin/uname -X     = unknown

/bin/arch              = unknown
/usr/bin/arch -k       = unknown
/usr/convex/getsysinfo = unknown
/usr/bin/hostinfo      = unknown
/bin/machine           = unknown
/usr/bin/oslevel       = unknown
/bin/universe          = unknown

PATH: /opt/wine-staging/bin
PATH: /opt/wine-staging/bin
PATH: /home/tim/.cargo/bin
PATH: /home/tim/bin
PATH: /usr/local/bin
PATH: /usr/bin
PATH: /bin
PATH: /usr/local/games
PATH: /usr/games


## ----------- ##
## Core tests. ##
## ----------- ##

configure:2306: checking for x86_64-w64-mingw32-g++
configure:2322: found /usr/bin/x86_64-w64-mingw32-g++
configure:2333: result: x86_64-w64-mingw32-g++
configure:2404: checking for C++ compiler version
configure:2413: x86_64-w64-mingw32-g++ --version >&5
x86_64-w64-mingw32-g++ (GCC) 8.3-win32 20190709
Copyright (C) 2018 Free Software Foundation, Inc.
This is free software; see the source for copying conditions.  There is NO
warranty; not even for MERCHANTABILITY or FITNESS FOR A PARTICULAR PURPOSE.

configure:2424: $? = 0
configure:2413: x86_64-w64-mingw32-g++ -v >&5
Using built-in specs.
COLLECT_GCC=x86_64-w64-mingw32-g++
COLLECT_LTO_WRAPPER=/usr/lib/gcc/x86_64-w64-mingw32/8.3-win32/lto-wrapper
Target: x86_64-w64-mingw32
Configured with: ../../src/configure --build=x86_64-linux-gnu --prefix=/usr --includedir='/usr/include' --mandir='/usr/share/man' --infodir='/usr/share/info' --sysconfdir=/etc --localstatedir=/var --disable-silent-rules --libdir='/usr/lib/x86_64-linux-gnu' --libexecdir='/usr/lib/x86_64-linux-gnu' --disable-maintainer-mode --disable-dependency-tracking --prefix=/usr --enable-shared --enable-static --disable-multilib --with-system-zlib --libexecdir=/usr/lib --without-included-gettext --libdir=/usr/lib --enable-libstdcxx-time=yes --with-tune=generic --with-headers=/usr/x86_64-w64-mingw32/include --enable-version-specific-runtime-libs --enable-fully-dynamic-string --enable-libgomp --enable-languages=c,c++,fortran,objc,obj-c++,ada --enable-lto --enable-threads=win32 --program-suffix=-win32 --program-prefix=x86_64-w64-mingw32- --target=x86_64-w64-mingw32 --with-as=/usr/bin/x86_64-w64-mingw32-as --with-ld=/usr/bin/x86_64-w64-mingw32-ld --enable-libatomic --enable-libstdcxx-filesystem-ts=yes --enable-dependency-tracking
Thread model: win32
gcc version 8.3-win32 20190709 (GCC) 
configure:2424: $? = 0
configure:2413: x86_64-w64-mingw32-g++ -V >&5
x86_64-w64-mingw32-g++: error: unrecognized command line option '-V'
x86_64-w64-mingw32-g++: fatal error: no input files
compilation terminated.
configure:2424: $? = 1
configure:2413: x86_64-w64-mingw32-g++ -qversion >&5
x86_64-w64-mingw32-g++: error: unrecognized command line option '-qversion'; did you mean '--version'?
x86_64-w64-mingw32-g++: fatal error: no input files
compilation terminated.
configure:2424: $? = 1
configure:2444: checking whether the C++ compiler works
configure:2466: x86_64-w64-mingw32-g++    conftest.cpp  >&5
configure:2470: $? = 0
configure:2518: result: yes
configure:2521: checking for C++ compiler default output file name
configure:2523: result: a.exe
configure:2529: checking for suffix of executables
configure:2536: x86_64-w64-mingw32-g++ -o conftest.exe    conftest.cpp  >&5
configure:2540: $? = 0
configure:2562: result: .exe
configure:2584: checking whether we are cross compiling
configure:2592: x86_64-w64-mingw32-g++ -o conftest.exe    conftest.cpp  >&5
configure:2596: $? = 0
configure:2603: ./conftest.exe
run-detectors: unable to find an interpreter for ./conftest.exe
configure:2607: $? = 2
configure:2595: result: yes
configure:2600: checking for suffix of object files
configure:2622: x86_64-w64-mingw32-g++ -c   conftest.cpp >&5
configure:2626: $? = 0
configure:2647: result: o
configure:2651: checking whether we are using the GNU C++ compiler
configure:2670: x86_64-w64-mingw32-g++ -c   conftest.cpp >&5
configure:2670: $? = 0
configure:2679: result: yes
configure:2688: checking whether x86_64-w64-mingw32-g++ accepts -g
configure:2708: x86_64-w64-mingw32-g++ -c -g  conftest.cpp >&5
configure:2708: $? = 0
configure:2749: result: yes
configure:2817: checking for a BSD-compatible install
configure:2885: result: /usr/bin/install -c
configure:2896: checking whether build environment is sane
configure:2951: result: yes
configure:3008: checking for x86_64-w64-mingw32-strip
configure:3024: found /usr/bin/x86_64-w64-mingw32-strip
configure:3035: result: x86_64-w64-mingw32-strip
configure:3100: checking for a thread-safe mkdir -p
configure:3139: result: /bin/mkdir -p
configure:3146: checking for gawk
configure:3162: found /usr/bin/gawk
configure:3173: result: gawk
configure:3184: checking whether make sets $(MAKE)
configure:3206: result: yes
configure:3228: checking whether make supports the include directive
configure:3243: make -f confmf.GNU && cat confinc.out
this is the am__doit target
configure:3246: $? = 0
configure:3265: result: yes (GNU style)
configure:3298: checking whether make supports nested variables
configure:3315: result: yes
configure:3400: checking dependency style of x86_64-w64-mingw32-g++
configure:3511: result: gcc3
configure:3598: checking build system type
configure:3612: result: x86_64-pc-linux-gnu
configure:3632: checking host system type
configure:3645: result: x86_64-w64-mingw32
configure:3686: checking how to print strings
configure:3713: result: printf
configure:3742: checking for x86_64-w64-mingw32-gcc
configure:3758: found /usr/bin/x86_64-w64-mingw32-gcc
configure:3769: result: x86_64-w64-mingw32-gcc
configure:4038: checking for C compiler version
configure:4047: x86_64-w64-mingw32-gcc --version >&5
x86_64-w64-mingw32-gcc (GCC) 8.3-win32 20190709
Copyright (C) 2018 Free Software Foundation, Inc.
This is free software; see the source for copying conditions.  There is NO
warranty; not even for MERCHANTABILITY or FITNESS FOR A PARTICULAR PURPOSE.

configure:4058: $? = 0
configure:4047: x86_64-w64-mingw32-gcc -v >&5
Using built-in specs.
COLLECT_GCC=x86_64-w64-mingw32-gcc
COLLECT_LTO_WRAPPER=/usr/lib/gcc/x86_64-w64-mingw32/8.3-win32/lto-wrapper
Target: x86_64-w64-mingw32
Configured with: ../../src/configure --build=x86_64-linux-gnu --prefix=/usr --includedir='/usr/include' --mandir='/usr/share/man' --infodir='/usr/share/info' --sysconfdir=/etc --localstatedir=/var --disable-silent-rules --libdir='/usr/lib/x86_64-linux-gnu' --libexecdir='/usr/lib/x86_64-linux-gnu' --disable-maintainer-mode --disable-dependency-tracking --prefix=/usr --enable-shared --enable-static --disable-multilib --with-system-zlib --libexecdir=/usr/lib --without-included-gettext --libdir=/usr/lib --enable-libstdcxx-time=yes --with-tune=generic --with-headers=/usr/x86_64-w64-mingw32/include --enable-version-specific-runtime-libs --enable-fully-dynamic-string --enable-libgomp --enable-languages=c,c++,fortran,objc,obj-c++,ada --enable-lto --enable-threads=win32 --program-suffix=-win32 --program-prefix=x86_64-w64-mingw32- --target=x86_64-w64-mingw32 --with-as=/usr/bin/x86_64-w64-mingw32-as --with-ld=/usr/bin/x86_64-w64-mingw32-ld --enable-libatomic --enable-libstdcxx-filesystem-ts=yes --enable-dependency-tracking
Thread model: win32
gcc version 8.3-win32 20190709 (GCC) 
configure:4058: $? = 0
configure:4047: x86_64-w64-mingw32-gcc -V >&5
x86_64-w64-mingw32-gcc: error: unrecognized command line option '-V'
x86_64-w64-mingw32-gcc: fatal error: no input files
compilation terminated.
configure:4058: $? = 1
configure:4047: x86_64-w64-mingw32-gcc -qversion >&5
x86_64-w64-mingw32-gcc: error: unrecognized command line option '-qversion'; did you mean '--version'?
x86_64-w64-mingw32-gcc: fatal error: no input files
compilation terminated.
configure:4058: $? = 1
configure:4062: checking whether we are using the GNU C compiler
configure:4081: x86_64-w64-mingw32-gcc -c   conftest.c >&5
configure:4081: $? = 0
configure:4090: result: yes
configure:4099: checking whether x86_64-w64-mingw32-gcc accepts -g
configure:4119: x86_64-w64-mingw32-gcc -c -g  conftest.c >&5
configure:4119: $? = 0
configure:4160: result: yes
configure:4177: checking for x86_64-w64-mingw32-gcc option to accept ISO C89
configure:4240: x86_64-w64-mingw32-gcc  -c -g -O2  conftest.c >&5
configure:4240: $? = 0
configure:4253: result: none needed
configure:4278: checking whether x86_64-w64-mingw32-gcc understands -c and -o together
configure:4300: x86_64-w64-mingw32-gcc -c conftest.c -o conftest2.o
configure:4303: $? = 0
configure:4300: x86_64-w64-mingw32-gcc -c conftest.c -o conftest2.o
configure:4303: $? = 0
configure:4315: result: yes
configure:4334: checking dependency style of x86_64-w64-mingw32-gcc
configure:4445: result: gcc3
configure:4460: checking for a sed that does not truncate output
configure:4524: result: /bin/sed
configure:4542: checking for grep that handles long lines and -e
configure:4600: result: /bin/grep
configure:4605: checking for egrep
configure:4667: result: /bin/grep -E
configure:4672: checking for fgrep
configure:4734: result: /bin/grep -F
configure:4769: checking for ld used by x86_64-w64-mingw32-gcc
configure:4836: result: /usr/bin/x86_64-w64-mingw32-ld
configure:4843: checking if the linker (/usr/bin/x86_64-w64-mingw32-ld) is GNU ld
configure:4858: result: yes
configure:4870: checking for BSD- or MS-compatible name lister (nm)
configure:4924: result: /usr/bin/x86_64-w64-mingw32-nm -B
configure:5054: checking the name lister (/usr/bin/x86_64-w64-mingw32-nm -B) interface
configure:5061: x86_64-w64-mingw32-gcc -c -g -O2  conftest.c >&5
configure:5064: /usr/bin/x86_64-w64-mingw32-nm -B "conftest.o"
configure:5067: output
0000000000000000 b .bss
0000000000000000 d .data
0000000000000000 N .debug_abbrev
0000000000000000 N .debug_aranges
0000000000000000 N .debug_info
0000000000000000 N .debug_line
0000000000000000 r .rdata$zzz
0000000000000000 t .text
0000000000000000 B some_variable
configure:5068: result: BSD nm
configure:5071: checking whether ln -s works
configure:5075: result: yes
configure:5083: checking the maximum length of command line arguments
configure:5214: result: 1572864
configure:5262: checking how to convert x86_64-pc-linux-gnu file names to x86_64-w64-mingw32 format
configure:5302: result: func_convert_file_nix_to_w32
configure:5309: checking how to convert x86_64-pc-linux-gnu file names to toolchain format
configure:5329: result: func_convert_file_noop
configure:5336: checking for /usr/bin/x86_64-w64-mingw32-ld option to reload object files
configure:5343: result: -r
configure:5377: checking for x86_64-w64-mingw32-objdump
configure:5393: found /usr/bin/x86_64-w64-mingw32-objdump
configure:5404: result: x86_64-w64-mingw32-objdump
configure:5476: checking how to recognize dependent libraries
configure:5676: result: file_magic ^x86 archive import|^x86 DLL
configure:5721: checking for x86_64-w64-mingw32-dlltool
configure:5737: found /usr/bin/x86_64-w64-mingw32-dlltool
configure:5748: result: x86_64-w64-mingw32-dlltool
configure:5821: checking how to associate runtime and link libraries
configure:5848: result: func_cygming_dll_for_implib
configure:5865: checking for x86_64-w64-mingw32-ar
configure:5881: found /usr/bin/x86_64-w64-mingw32-ar
configure:5892: result: x86_64-w64-mingw32-ar
configure:5973: checking for archiver @FILE support
configure:5990: x86_64-w64-mingw32-gcc -c -g -O2  conftest.c >&5
configure:5990: $? = 0
configure:5993: x86_64-w64-mingw32-ar cru libconftest.a @conftest.lst >&5
x86_64-w64-mingw32-ar: `u' modifier ignored since `D' is the default (see `U')
configure:5996: $? = 0
configure:6001: x86_64-w64-mingw32-ar cru libconftest.a @conftest.lst >&5
x86_64-w64-mingw32-ar: `u' modifier ignored since `D' is the default (see `U')
x86_64-w64-mingw32-ar: conftest.o: No such file or directory
configure:6004: $? = 1
configure:6003: result: @
configure:6021: checking for x86_64-w64-mingw32-strip
configure:6048: result: x86_64-w64-mingw32-strip
configure:6120: checking for x86_64-w64-mingw32-ranlib
configure:6136: found /usr/bin/x86_64-w64-mingw32-ranlib
configure:6147: result: x86_64-w64-mingw32-ranlib
configure:6289: checking command to parse /usr/bin/x86_64-w64-mingw32-nm -B output from x86_64-w64-mingw32-gcc object
configure:6442: x86_64-w64-mingw32-gcc -c -g -O2  conftest.c >&5
configure:6445: $? = 0
configure:6449: /usr/bin/x86_64-w64-mingw32-nm -B conftest.o | sed -n -e 's/^.*[	 ]\([ABCDGIRSTW][ABCDGIRSTW]*\)[	 ][	 ]*\([_A-Za-z][_A-Za-z0-9]*\)$/\1 \2 \2/p' | sed '/ __gnu_lto/d' > conftest.nm
configure:6515: x86_64-w64-mingw32-gcc -o conftest.exe -g -O2   conftest.c conftstm.o >&5
configure:6518: $? = 0
configure:6556: result: ok
configure:6603: checking for sysroot
configure:6633: result: no
configure:6640: checking for a working dd
configure:6678: result: /bin/dd
configure:6682: checking how to truncate binary pipes
configure:6697: result: /bin/dd bs=4096 count=1
configure:6986: checking for x86_64-w64-mingw32-mt
configure:7016: result: no
configure:7026: checking for mt
configure:7042: found /bin/mt
configure:7053: result: mt
configure:7065: WARNING: using cross tools not prefixed with host triplet
configure:7076: checking if mt is a manifest tool
configure:7082: mt '-?'
configure:7090: result: no
configure:7767: checking how to run the C preprocessor
configure:7798: x86_64-w64-mingw32-gcc -E  conftest.c
configure:7798: $? = 0
configure:7812: x86_64-w64-mingw32-gcc -E  conftest.c
conftest.c:11:10: fatal error: ac_nonexistent.h: No such file or directory
 #include <ac_nonexistent.h>
          ^~~~~~~~~~~~~~~~~~
compilation terminated.
configure:7812: $? = 1
configure: failed program was:
| /* confdefs.h */
| #define PACKAGE_NAME "position"
| #define PACKAGE_TARNAME "position"
| #define PACKAGE_VERSION "0.0.1"
| #define PACKAGE_STRING "position 0.0.1"
| #define PACKAGE_BUGREPORT "tim@metaverse.systems"
| #define PACKAGE_URL ""
| #define PACKAGE "position"
| #define VERSION "0.0.1"
| /* end confdefs.h.  */
| #include <ac_nonexistent.h>
configure:7837: result: x86_64-w64-mingw32-gcc -E
configure:7857: x86_64-w64-mingw32-gcc -E  conftest.c
configure:7857: $? = 0
configure:7871: x86_64-w64-mingw32-gcc -E  conftest.c
conftest.c:11:10: fatal error: ac_nonexistent.h: No such file or directory
 #include <ac_nonexistent.h>
          ^~~~~~~~~~~~~~~~~~
compilation terminated.
configure:7871: $? = 1
configure: failed program was:
| /* confdefs.h */
| #define PACKAGE_NAME "position"
| #define PACKAGE_TARNAME "position"
| #define PACKAGE_VERSION "0.0.1"
| #define PACKAGE_STRING "position 0.0.1"
| #define PACKAGE_BUGREPORT "tim@metaverse.systems"
| #define PACKAGE_URL ""
| #define PACKAGE "position"
| #define VERSION "0.0.1"
| /* end confdefs.h.  */
| #include <ac_nonexistent.h>
configure:7900: checking for ANSI C header files
configure:7920: x86_64-w64-mingw32-gcc -c -g -O2  conftest.c >&5
configure:7920: $? = 0
configure:8004: result: yes
configure:8017: checking for sys/types.h
configure:8017: x86_64-w64-mingw32-gcc -c -g -O2  conftest.c >&5
configure:8017: $? = 0
configure:8017: result: yes
configure:8017: checking for sys/stat.h
configure:8017: x86_64-w64-mingw32-gcc -c -g -O2  conftest.c >&5
configure:8017: $? = 0
configure:8017: result: yes
configure:8017: checking for stdlib.h
configure:8017: x86_64-w64-mingw32-gcc -c -g -O2  conftest.c >&5
configure:8017: $? = 0
configure:8017: result: yes
configure:8017: checking for string.h
configure:8017: x86_64-w64-mingw32-gcc -c -g -O2  conftest.c >&5
configure:8017: $? = 0
configure:8017: result: yes
configure:8017: checking for memory.h
configure:8017: x86_64-w64-mingw32-gcc -c -g -O2  conftest.c >&5
configure:8017: $? = 0
configure:8017: result: yes
configure:8017: checking for strings.h
configure:8017: x86_64-w64-mingw32-gcc -c -g -O2  conftest.c >&5
configure:8017: $? = 0
configure:8017: result: yes
configure:8017: checking for inttypes.h
configure:8017: x86_64-w64-mingw32-gcc -c -g -O2  conftest.c >&5
configure:8017: $? = 0
configure:8017: result: yes
configure:8017: checking for stdint.h
configure:8017: x86_64-w64-mingw32-gcc -c -g -O2  conftest.c >&5
configure:8017: $? = 0
configure:8017: result: yes
configure:8017: checking for unistd.h
configure:8017: x86_64-w64-mingw32-gcc -c -g -O2  conftest.c >&5
configure:8017: $? = 0
configure:8017: result: yes
configure:8031: checking for dlfcn.h
configure:8031: x86_64-w64-mingw32-gcc -c -g -O2  conftest.c >&5
conftest.c:55:10: fatal error: dlfcn.h: No such file or directory
 #include <dlfcn.h>
          ^~~~~~~~~
compilation terminated.
configure:8031: $? = 1
configure: failed program was:
| /* confdefs.h */
| #define PACKAGE_NAME "position"
| #define PACKAGE_TARNAME "position"
| #define PACKAGE_VERSION "0.0.1"
| #define PACKAGE_STRING "position 0.0.1"
| #define PACKAGE_BUGREPORT "tim@metaverse.systems"
| #define PACKAGE_URL ""
| #define PACKAGE "position"
| #define VERSION "0.0.1"
| #define STDC_HEADERS 1
| #define HAVE_SYS_TYPES_H 1
| #define HAVE_SYS_STAT_H 1
| #define HAVE_STDLIB_H 1
| #define HAVE_STRING_H 1
| #define HAVE_MEMORY_H 1
| #define HAVE_STRINGS_H 1
| #define HAVE_INTTYPES_H 1
| #define HAVE_STDINT_H 1
| #define HAVE_UNISTD_H 1
| /* end confdefs.h.  */
| #include <stdio.h>
| #ifdef HAVE_SYS_TYPES_H
| # include <sys/types.h>
| #endif
| #ifdef HAVE_SYS_STAT_H
| # include <sys/stat.h>
| #endif
| #ifdef STDC_HEADERS
| # include <stdlib.h>
| # include <stddef.h>
| #else
| # ifdef HAVE_STDLIB_H
| #  include <stdlib.h>
| # endif
| #endif
| #ifdef HAVE_STRING_H
| # if !defined STDC_HEADERS && defined HAVE_MEMORY_H
| #  include <memory.h>
| # endif
| # include <string.h>
| #endif
| #ifdef HAVE_STRINGS_H
| # include <strings.h>
| #endif
| #ifdef HAVE_INTTYPES_H
| # include <inttypes.h>
| #endif
| #ifdef HAVE_STDINT_H
| # include <stdint.h>
| #endif
| #ifdef HAVE_UNISTD_H
| # include <unistd.h>
| #endif
| 
| #include <dlfcn.h>
configure:8031: result: no
configure:8297: checking for objdir
configure:8312: result: .libs
configure:8576: checking if x86_64-w64-mingw32-gcc supports -fno-rtti -fno-exceptions
configure:8594: x86_64-w64-mingw32-gcc -c -g -O2  -fno-rtti -fno-exceptions conftest.c >&5
cc1: warning: command line option '-fno-rtti' is valid for C++/ObjC++ but not for C
configure:8598: $? = 0
configure:8611: result: no
configure:8969: checking for x86_64-w64-mingw32-gcc option to produce PIC
configure:8976: result: -DDLL_EXPORT -DPIC
configure:8984: checking if x86_64-w64-mingw32-gcc PIC flag -DDLL_EXPORT -DPIC works
configure:9002: x86_64-w64-mingw32-gcc -c -g -O2  -DDLL_EXPORT -DPIC -DPIC conftest.c >&5
configure:9006: $? = 0
configure:9019: result: yes
configure:9048: checking if x86_64-w64-mingw32-gcc static flag -static works
configure:9076: result: yes
configure:9091: checking if x86_64-w64-mingw32-gcc supports -c -o file.o
configure:9112: x86_64-w64-mingw32-gcc -c -g -O2  -o out/conftest2.o conftest.c >&5
configure:9116: $? = 0
configure:9138: result: yes
configure:9146: checking if x86_64-w64-mingw32-gcc supports -c -o file.o
configure:9193: result: yes
configure:9226: checking whether the x86_64-w64-mingw32-gcc linker (/usr/bin/x86_64-w64-mingw32-ld) supports shared libraries
configure:10489: result: yes
configure:10526: checking whether -lc should be explicitly linked in
configure:10534: x86_64-w64-mingw32-gcc -c -g -O2  conftest.c >&5
configure:10537: $? = 0
configure:10552: x86_64-w64-mingw32-gcc -shared conftest.o  -v -o ./conftest -Wl,--enable-auto-image-base -Xlinker --out-implib -Xlinker conftest 2\>\&1 \| /bin/grep  -lc  \>/dev/null 2\>\&1
configure:10555: $? = 1
configure:10569: result: yes
configure:10729: checking dynamic linker characteristics
configure:11559: result: Win32 ld.exe
configure:11681: checking how to hardcode library paths into programs
configure:11706: result: immediate
configure:12254: checking whether stripping libraries is possible
configure:12259: result: yes
configure:12294: checking if libtool supports shared libraries
configure:12296: result: yes
configure:12299: checking whether to build shared libraries
configure:12324: result: yes
configure:12327: checking whether to build static libraries
configure:12331: result: no
configure:9130: checking how to run the C++ preprocessor
configure:9157: x86_64-w64-mingw32-g++ -E  conftest.cpp
configure:9157: $? = 0
configure:9171: x86_64-w64-mingw32-g++ -E  conftest.cpp
conftest.cpp:22:10: fatal error: ac_nonexistent.h: No such file or directory
 #include <ac_nonexistent.h>
          ^~~~~~~~~~~~~~~~~~
compilation terminated.
configure:9171: $? = 1
configure: failed program was:
| /* confdefs.h */
| #define PACKAGE_NAME "position"
| #define PACKAGE_TARNAME "position"
| #define PACKAGE_VERSION "0.0.1"
| #define PACKAGE_STRING "position 0.0.1"
| #define PACKAGE_BUGREPORT "tim@metaverse.systems"
| #define PACKAGE_URL ""
| #define PACKAGE "position"
| #define VERSION "0.0.1"
| #define STDC_HEADERS 1
| #define HAVE_SYS_TYPES_H 1
| #define HAVE_SYS_STAT_H 1
| #define HAVE_STDLIB_H 1
| #define HAVE_STRING_H 1
| #define HAVE_MEMORY_H 1
| #define HAVE_STRINGS_H 1
| #define HAVE_INTTYPES_H 1
| #define HAVE_STDINT_H 1
| #define HAVE_UNISTD_H 1
| #define LT_OBJDIR ".libs/"
| /* end confdefs.h.  */
| #include <ac_nonexistent.h>
configure:9196: result: x86_64-w64-mingw32-g++ -E
configure:9216: x86_64-w64-mingw32-g++ -E  conftest.cpp
configure:9216: $? = 0
configure:9230: x86_64-w64-mingw32-g++ -E  conftest.cpp
conftest.cpp:22:10: fatal error: ac_nonexistent.h: No such file or directory
 #include <ac_nonexistent.h>
          ^~~~~~~~~~~~~~~~~~
compilation terminated.
configure:9230: $? = 1
configure: failed program was:
| /* confdefs.h */
| #define PACKAGE_NAME "position"
| #define PACKAGE_TARNAME "position"
| #define PACKAGE_VERSION "0.0.1"
| #define PACKAGE_STRING "position 0.0.1"
| #define PACKAGE_BUGREPORT "tim@metaverse.systems"
| #define PACKAGE_URL ""
| #define PACKAGE "position"
| #define VERSION "0.0.1"
| #define STDC_HEADERS 1
| #define HAVE_SYS_TYPES_H 1
| #define HAVE_SYS_STAT_H 1
| #define HAVE_STDLIB_H 1
| #define HAVE_STRING_H 1
| #define HAVE_MEMORY_H 1
| #define HAVE_STRINGS_H 1
| #define HAVE_INTTYPES_H 1
| #define HAVE_STDINT_H 1
| #define HAVE_UNISTD_H 1
| #define LT_OBJDIR ".libs/"
| /* end confdefs.h.  */
| #include <ac_nonexistent.h>
configure:9392: checking for ld used by x86_64-w64-mingw32-g++
configure:9459: result: /usr/bin/x86_64-w64-mingw32-ld
configure:9466: checking if the linker (/usr/bin/x86_64-w64-mingw32-ld) is GNU ld
configure:9481: result: yes
configure:9536: checking whether the x86_64-w64-mingw32-g++ linker (/usr/bin/x86_64-w64-mingw32-ld) supports shared libraries
configure:10609: result: yes
configure:10645: x86_64-w64-mingw32-g++ -c -g -O2  conftest.cpp >&5
configure:10648: $? = 0
configure:11129: checking for x86_64-w64-mingw32-g++ option to produce PIC
configure:11136: result: -DDLL_EXPORT -DPIC
configure:11144: checking if x86_64-w64-mingw32-g++ PIC flag -DDLL_EXPORT -DPIC works
configure:11162: x86_64-w64-mingw32-g++ -c -g -O2  -DDLL_EXPORT -DPIC -DPIC conftest.cpp >&5
configure:11166: $? = 0
configure:11179: result: yes
configure:11202: checking if x86_64-w64-mingw32-g++ static flag -static works
configure:11230: result: yes
configure:11242: checking if x86_64-w64-mingw32-g++ supports -c -o file.o
configure:11263: x86_64-w64-mingw32-g++ -c -g -O2  -o out/conftest2.o conftest.cpp >&5
configure:11267: $? = 0
configure:11289: result: yes
configure:11294: checking if x86_64-w64-mingw32-g++ supports -c -o file.o
configure:11341: result: yes
configure:11371: checking whether the x86_64-w64-mingw32-g++ linker (/usr/bin/x86_64-w64-mingw32-ld) supports shared libraries
configure:11414: result: yes
configure:11555: checking dynamic linker characteristics
configure:12312: result: Win32 ld.exe
configure:12377: checking how to hardcode library paths into programs
configure:12402: result: immediate
configure:11406: checking pkg-config is at least version 0.9.0
configure:11409: result: yes
configure:11419: checking for LIBECS
configure:11426: $PKG_CONFIG --exists --print-errors "ecs-cpp"
configure:11429: $? = 0
configure:11443: $PKG_CONFIG --exists --print-errors "ecs-cpp"
configure:11446: $? = 0
configure:11504: result: yes
configure:11510: checking for JSONCPP
configure:11517: $PKG_CONFIG --exists --print-errors "jsoncpp"
configure:11520: $? = 0
configure:11534: $PKG_CONFIG --exists --print-errors "jsoncpp"
configure:11537: $? = 0
configure:11595: result: yes
configure:11703: checking that generated files are newer than configure
configure:11709: result: done
configure:11736: creating ./config.status

## ---------------------- ##
## Running config.status. ##
## ---------------------- ##

This file was extended by position config.status 0.0.1, which was
generated by GNU Autoconf 2.69.  Invocation command line was

  CONFIG_FILES    = 
  CONFIG_HEADERS  = 
  CONFIG_LINKS    = 
  CONFIG_COMMANDS = 
  $ ./config.status 

on tim-linux

config.status:1169: creating Makefile
config.status:1169: creating src/Makefile
config.status:1169: creating config.h
config.status:1398: executing depfiles commands
config.status:1475: cd src       && sed -e '/# am--include-marker/d' Makefile         | make -f - am--depfiles
config.status:1480: $? = 0
config.status:1398: executing libtool commands

## ---------------- ##
## Cache variables. ##
## ---------------- ##

ac_cv_build=x86_64-pc-linux-gnu
ac_cv_c_compiler_gnu=yes
ac_cv_cxx_compiler_gnu=yes
ac_cv_env_CCC_set=
ac_cv_env_CCC_value=
ac_cv_env_CC_set=
ac_cv_env_CC_value=
ac_cv_env_CFLAGS_set=
ac_cv_env_CFLAGS_value=
ac_cv_env_CPPFLAGS_set=
ac_cv_env_CPPFLAGS_value=
ac_cv_env_CPP_set=
ac_cv_env_CPP_value=
ac_cv_env_CXXCPP_set=
ac_cv_env_CXXCPP_value=
ac_cv_env_CXXFLAGS_set=
ac_cv_env_CXXFLAGS_value=
ac_cv_env_CXX_set=
ac_cv_env_CXX_value=
ac_cv_env_JSONCPP_CFLAGS_set=
ac_cv_env_JSONCPP_CFLAGS_value=
ac_cv_env_JSONCPP_LIBS_set=
ac_cv_env_JSONCPP_LIBS_value=
ac_cv_env_LDFLAGS_set=
ac_cv_env_LDFLAGS_value=
ac_cv_env_LIBECS_CFLAGS_set=
ac_cv_env_LIBECS_CFLAGS_value=
ac_cv_env_LIBECS_LIBS_set=
ac_cv_env_LIBECS_LIBS_value=
ac_cv_env_LIBS_set=
ac_cv_env_LIBS_value=
ac_cv_env_LT_SYS_LIBRARY_PATH_set=
ac_cv_env_LT_SYS_LIBRARY_PATH_value=
ac_cv_env_PKG_CONFIG_LIBDIR_set=
ac_cv_env_PKG_CONFIG_LIBDIR_value=
ac_cv_env_PKG_CONFIG_PATH_set=set
ac_cv_env_PKG_CONFIG_PATH_value=/usr/x86_64-w64-mingw32/lib/pkgconfig/
ac_cv_env_PKG_CONFIG_set=set
ac_cv_env_PKG_CONFIG_value=/usr/bin/pkg-config
ac_cv_env_build_alias_set=
ac_cv_env_build_alias_value=
ac_cv_env_host_alias_set=set
ac_cv_env_host_alias_value=x86_64-w64-mingw32
ac_cv_env_target_alias_set=
ac_cv_env_target_alias_value=
ac_cv_exeext=.exe
ac_cv_header_dlfcn_h=no
ac_cv_header_inttypes_h=yes
ac_cv_header_memory_h=yes
ac_cv_header_stdc=yes
ac_cv_header_stdint_h=yes
ac_cv_header_stdlib_h=yes
ac_cv_header_string_h=yes
ac_cv_header_strings_h=yes
ac_cv_header_sys_stat_h=yes
ac_cv_header_sys_types_h=yes
ac_cv_header_unistd_h=yes
ac_cv_host=x86_64-w64-mingw32
ac_cv_objext=o
ac_cv_path_EGREP='/bin/grep -E'
ac_cv_path_FGREP='/bin/grep -F'
ac_cv_path_GREP=/bin/grep
ac_cv_path_SED=/bin/sed
ac_cv_path_install='/usr/bin/install -c'
ac_cv_path_lt_DD=/bin/dd
ac_cv_path_mkdir=/bin/mkdir
ac_cv_prog_AR=x86_64-w64-mingw32-ar
ac_cv_prog_AWK=gawk
ac_cv_prog_CC=x86_64-w64-mingw32-gcc
ac_cv_prog_CPP='x86_64-w64-mingw32-gcc -E'
ac_cv_prog_CXX=x86_64-w64-mingw32-g++
ac_cv_prog_CXXCPP='x86_64-w64-mingw32-g++ -E'
ac_cv_prog_DLLTOOL=x86_64-w64-mingw32-dlltool
ac_cv_prog_OBJDUMP=x86_64-w64-mingw32-objdump
ac_cv_prog_RANLIB=x86_64-w64-mingw32-ranlib
ac_cv_prog_STRIP=x86_64-w64-mingw32-strip
ac_cv_prog_ac_ct_MANIFEST_TOOL=mt
ac_cv_prog_cc_c89=
ac_cv_prog_cc_g=yes
ac_cv_prog_cxx_g=yes
ac_cv_prog_make_make_set=yes
am_cv_CC_dependencies_compiler_type=gcc3
am_cv_CXX_dependencies_compiler_type=gcc3
am_cv_make_support_nested_variables=yes
am_cv_prog_cc_c_o=yes
lt_cv_ar_at_file=@
lt_cv_archive_cmds_need_lc=yes
lt_cv_deplibs_check_method='file_magic ^x86 archive import|^x86 DLL'
lt_cv_file_magic_cmd=func_win32_libid
lt_cv_file_magic_test_file=
lt_cv_ld_reload_flag=-r
lt_cv_nm_interface='BSD nm'
lt_cv_objdir=.libs
lt_cv_path_LD=/usr/bin/x86_64-w64-mingw32-ld
lt_cv_path_LDCXX=/usr/bin/x86_64-w64-mingw32-ld
lt_cv_path_NM='/usr/bin/x86_64-w64-mingw32-nm -B'
lt_cv_path_mainfest_tool=no
lt_cv_prog_compiler_c_o=yes
lt_cv_prog_compiler_c_o_CXX=yes
lt_cv_prog_compiler_pic='-DDLL_EXPORT -DPIC'
lt_cv_prog_compiler_pic_CXX='-DDLL_EXPORT -DPIC'
lt_cv_prog_compiler_pic_works=yes
lt_cv_prog_compiler_pic_works_CXX=yes
lt_cv_prog_compiler_rtti_exceptions=no
lt_cv_prog_compiler_static_works=yes
lt_cv_prog_compiler_static_works_CXX=yes
lt_cv_prog_gnu_ld=yes
lt_cv_prog_gnu_ldcxx=yes
lt_cv_sharedlib_from_linklib_cmd=func_cygming_dll_for_implib
lt_cv_sys_global_symbol_pipe='sed -n -e '\''s/^.*[	 ]\([ABCDGIRSTW][ABCDGIRSTW]*\)[	 ][	 ]*\([_A-Za-z][_A-Za-z0-9]*\)$/\1 \2 \2/p'\'' | sed '\''/ __gnu_lto/d'\'''
lt_cv_sys_global_symbol_to_c_name_address='sed -n -e '\''s/^: \(.*\) .*$/  {"\1", (void *) 0},/p'\'' -e '\''s/^[ABCDGIRSTW][ABCDGIRSTW]* .* \(.*\)$/  {"\1", (void *) \&\1},/p'\'''
lt_cv_sys_global_symbol_to_c_name_address_lib_prefix='sed -n -e '\''s/^: \(.*\) .*$/  {"\1", (void *) 0},/p'\'' -e '\''s/^[ABCDGIRSTW][ABCDGIRSTW]* .* \(lib.*\)$/  {"\1", (void *) \&\1},/p'\'' -e '\''s/^[ABCDGIRSTW][ABCDGIRSTW]* .* \(.*\)$/  {"lib\1", (void *) \&\1},/p'\'''
lt_cv_sys_global_symbol_to_cdecl='sed -n -e '\''s/^T .* \(.*\)$/extern int \1();/p'\'' -e '\''s/^[ABCDGIRSTW][ABCDGIRSTW]* .* \(.*\)$/extern char \1;/p'\'''
lt_cv_sys_global_symbol_to_import=
lt_cv_sys_max_cmd_len=1572864
lt_cv_to_host_file_cmd=func_convert_file_nix_to_w32
lt_cv_to_tool_file_cmd=func_convert_file_noop
lt_cv_truncate_bin='/bin/dd bs=4096 count=1'
pkg_cv_JSONCPP_CFLAGS=-I/usr/x86_64-w64-mingw32/include
pkg_cv_JSONCPP_LIBS='-L/usr/x86_64-w64-mingw32/lib -ljsoncpp'
pkg_cv_LIBECS_CFLAGS=-I/usr/x86_64-w64-mingw32/include
pkg_cv_LIBECS_LIBS='-L/usr/x86_64-w64-mingw32/lib -lecs-cpp -lrpcrt4 -luuid_mingw -ljsoncpp'

## ----------------- ##
## Output variables. ##
## ----------------- ##

ACLOCAL='${SHELL} /home/tim/projects/the-seed/missing aclocal-1.16'
AMDEPBACKSLASH='\'
AMDEP_FALSE='#'
AMDEP_TRUE=''
AMTAR='$${TAR-tar}'
AM_BACKSLASH='\'
AM_DEFAULT_V='$(AM_DEFAULT_VERBOSITY)'
AM_DEFAULT_VERBOSITY='1'
AM_V='$(V)'
AR='x86_64-w64-mingw32-ar'
AUTOCONF='${SHELL} /home/tim/projects/the-seed/missing autoconf'
AUTOHEADER='${SHELL} /home/tim/projects/the-seed/missing autoheader'
AUTOMAKE='${SHELL} /home/tim/projects/the-seed/missing automake-1.16'
AWK='gawk'
CC='x86_64-w64-mingw32-gcc'
CCDEPMODE='depmode=gcc3'
CFLAGS='-g -O2'
CPP='x86_64-w64-mingw32-gcc -E'
CPPFLAGS=''
CXX='x86_64-w64-mingw32-g++'
CXXCPP='x86_64-w64-mingw32-g++ -E'
CXXDEPMODE='depmode=gcc3'
CXXFLAGS='-g -O2'
CYGPATH_W='echo'
DEFS='-DHAVE_CONFIG_H'
DEPDIR='.deps'
DLLTOOL='x86_64-w64-mingw32-dlltool'
DSYMUTIL=''
DUMPBIN=''
ECHO_C=''
ECHO_N='-n'
ECHO_T=''
EGREP='/bin/grep -E'
EXEEXT='.exe'
FGREP='/bin/grep -F'
GREP='/bin/grep'
INSTALL_DATA='${INSTALL} -m 644'
INSTALL_PROGRAM='${INSTALL}'
INSTALL_SCRIPT='${INSTALL}'
INSTALL_STRIP_PROGRAM='$(install_sh) -c -s'
JSONCPP_CFLAGS='-I/usr/x86_64-w64-mingw32/include'
JSONCPP_LIBS='-L/usr/x86_64-w64-mingw32/lib -ljsoncpp'
LD='/usr/bin/x86_64-w64-mingw32-ld'
LDFLAGS=''
LIBECS_CFLAGS='-I/usr/x86_64-w64-mingw32/include'
LIBECS_LIBS='-L/usr/x86_64-w64-mingw32/lib -lecs-cpp -lrpcrt4 -luuid_mingw -ljsoncpp'
LIBOBJS=''
LIBS=''
LIBTOOL='$(SHELL) $(top_builddir)/libtool'
LIPO=''
LN_S='ln -s'
LTLIBOBJS=''
LT_SYS_LIBRARY_PATH=''
MAKEINFO='${SHELL} /home/tim/projects/the-seed/missing makeinfo'
MANIFEST_TOOL=':'
MKDIR_P='/bin/mkdir -p'
NM='/usr/bin/x86_64-w64-mingw32-nm -B'
NMEDIT=''
OBJDUMP='x86_64-w64-mingw32-objdump'
OBJEXT='o'
OTOOL64=''
OTOOL=''
PACKAGE='position'
PACKAGE_BUGREPORT='tim@metaverse.systems'
PACKAGE_NAME='position'
PACKAGE_STRING='position 0.0.1'
PACKAGE_TARNAME='position'
PACKAGE_URL=''
PACKAGE_VERSION='0.0.1'
PATH_SEPARATOR=':'
PKG_CONFIG='/usr/bin/pkg-config'
PKG_CONFIG_LIBDIR=''
PKG_CONFIG_PATH='/usr/x86_64-w64-mingw32/lib/pkgconfig/'
RANLIB='x86_64-w64-mingw32-ranlib'
SED='/bin/sed'
SET_MAKE=''
SHELL='/bin/bash'
STRIP='x86_64-w64-mingw32-strip'
VERSION='0.0.1'
ac_ct_AR=''
ac_ct_CC=''
ac_ct_CXX=''
ac_ct_DUMPBIN=''
am__EXEEXT_FALSE='#'
am__EXEEXT_TRUE=''
am__fastdepCC_FALSE='#'
am__fastdepCC_TRUE=''
am__fastdepCXX_FALSE='#'
am__fastdepCXX_TRUE=''
am__include='include'
am__isrc=''
am__leading_dot='.'
am__nodep='_no'
am__quote=''
am__tar='$${TAR-tar} chof - "$$tardir"'
am__untar='$${TAR-tar} xf -'
bindir='${exec_prefix}/bin'
build='x86_64-pc-linux-gnu'
build_alias=''
build_cpu='x86_64'
build_os='linux-gnu'
build_vendor='pc'
datadir='${datarootdir}'
datarootdir='${prefix}/share'
docdir='${datarootdir}/doc/${PACKAGE_TARNAME}'
dvidir='${docdir}'
exec_prefix='${prefix}'
host='x86_64-w64-mingw32'
host_alias='x86_64-w64-mingw32'
host_cpu='x86_64'
host_os='mingw32'
host_vendor='w64'
htmldir='${docdir}'
includedir='${prefix}/include'
infodir='${datarootdir}/info'
install_sh='${SHELL} /home/tim/projects/the-seed/install-sh'
libdir='${exec_prefix}/lib'
libexecdir='${exec_prefix}/libexec'
localedir='${datarootdir}/locale'
localstatedir='${prefix}/var'
mandir='${datarootdir}/man'
mkdir_p='$(MKDIR_P)'
oldincludedir='/usr/include'
pdfdir='${docdir}'
prefix='/usr/x86_64-w64-mingw32'
program_transform_name='s,x,x,'
psdir='${docdir}'
runstatedir='${localstatedir}/run'
sbindir='${exec_prefix}/sbin'
sharedstatedir='${prefix}/com'
sysconfdir='${prefix}/etc'
target_alias=''

## ----------- ##
## confdefs.h. ##
## ----------- ##

/* confdefs.h */
#define PACKAGE_NAME "position"
#define PACKAGE_TARNAME "position"
#define PACKAGE_VERSION "0.0.1"
#define PACKAGE_STRING "position 0.0.1"
#define PACKAGE_BUGREPORT "tim@metaverse.systems"
#define PACKAGE_URL ""
#define PACKAGE "position"
#define VERSION "0.0.1"
#define STDC_HEADERS 1
#define HAVE_SYS_TYPES_H 1
#define HAVE_SYS_STAT_H 1
#define HAVE_STDLIB_H 1
#define HAVE_STRING_H 1
#define HAVE_MEMORY_H 1
#define HAVE_STRINGS_H 1
#define HAVE_INTTYPES_H 1
#define HAVE_STDINT_H 1
#define HAVE_UNISTD_H 1
#define LT_OBJDIR ".libs/"

configure: exit 0
