This file contains any messages produced by compilers while
running configure, to aid debugging if configure makes a mistake.

It was created by sdl_linux configure 0.0.1, which was
generated by GNU Autoconf 2.69.  Invocation command line was

  $ ./configure 

## --------- ##
## Platform. ##
## --------- ##

hostname = tim-linux
uname -m = x86_64
uname -r = 5.0.19-19.05.27.amdgpu
uname -s = Linux
uname -v = #1 SMP Mon May 27 08:23:24 CEST 2019

/usr/bin/uname -p = unknown
/bin/uname -X     = unknown

/bin/arch              = unknown
/usr/bin/arch -k       = unknown
/usr/convex/getsysinfo = unknown
/usr/bin/hostinfo      = unknown
/bin/machine           = unknown
/usr/bin/oslevel       = unknown
/bin/universe          = unknown

PATH: /opt/wine-staging/bin
PATH: /opt/wine-staging/bin
PATH: /home/tim/.cargo/bin
PATH: /home/tim/bin
PATH: /usr/local/bin
PATH: /usr/bin
PATH: /bin
PATH: /usr/local/games
PATH: /usr/games


## ----------- ##
## Core tests. ##
## ----------- ##

configure:2364: checking for g++
configure:2380: found /usr/bin/g++
configure:2391: result: g++
configure:2418: checking for C++ compiler version
configure:2427: g++ --version >&5
g++ (Debian 8.3.0-6) 8.3.0
Copyright (C) 2018 Free Software Foundation, Inc.
This is free software; see the source for copying conditions.  There is NO
warranty; not even for MERCHANTABILITY or FITNESS FOR A PARTICULAR PURPOSE.

configure:2438: $? = 0
configure:2427: g++ -v >&5
Using built-in specs.
COLLECT_GCC=g++
COLLECT_LTO_WRAPPER=/usr/lib/gcc/x86_64-linux-gnu/8/lto-wrapper
OFFLOAD_TARGET_NAMES=nvptx-none
OFFLOAD_TARGET_DEFAULT=1
Target: x86_64-linux-gnu
Configured with: ../src/configure -v --with-pkgversion='Debian 8.3.0-6' --with-bugurl=file:///usr/share/doc/gcc-8/README.Bugs --enable-languages=c,ada,c++,go,brig,d,fortran,objc,obj-c++ --prefix=/usr --with-gcc-major-version-only --program-suffix=-8 --program-prefix=x86_64-linux-gnu- --enable-shared --enable-linker-build-id --libexecdir=/usr/lib --without-included-gettext --enable-threads=posix --libdir=/usr/lib --enable-nls --enable-bootstrap --enable-clocale=gnu --enable-libstdcxx-debug --enable-libstdcxx-time=yes --with-default-libstdcxx-abi=new --enable-gnu-unique-object --disable-vtable-verify --enable-libmpx --enable-plugin --enable-default-pie --with-system-zlib --with-target-system-zlib --enable-objc-gc=auto --enable-multiarch --disable-werror --with-arch-32=i686 --with-abi=m64 --with-multilib-list=m32,m64,mx32 --enable-multilib --with-tune=generic --enable-offload-targets=nvptx-none --without-cuda-driver --enable-checking=release --build=x86_64-linux-gnu --host=x86_64-linux-gnu --target=x86_64-linux-gnu
Thread model: posix
gcc version 8.3.0 (Debian 8.3.0-6) 
configure:2438: $? = 0
configure:2427: g++ -V >&5
g++: error: unrecognized command line option '-V'
g++: fatal error: no input files
compilation terminated.
configure:2438: $? = 1
configure:2427: g++ -qversion >&5
g++: error: unrecognized command line option '-qversion'; did you mean '--version'?
g++: fatal error: no input files
compilation terminated.
configure:2438: $? = 1
configure:2458: checking whether the C++ compiler works
configure:2480: g++    conftest.cpp  >&5
configure:2484: $? = 0
configure:2532: result: yes
configure:2535: checking for C++ compiler default output file name
configure:2537: result: a.out
configure:2543: checking for suffix of executables
configure:2550: g++ -o conftest    conftest.cpp  >&5
configure:2554: $? = 0
configure:2576: result: 
configure:2598: checking whether we are cross compiling
configure:2606: g++ -o conftest    conftest.cpp  >&5
configure:2610: $? = 0
configure:2617: ./conftest
configure:2621: $? = 0
configure:2609: result: no
configure:2614: checking for suffix of object files
configure:2636: g++ -c   conftest.cpp >&5
configure:2640: $? = 0
configure:2661: result: o
configure:2665: checking whether we are using the GNU C++ compiler
configure:2684: g++ -c   conftest.cpp >&5
configure:2684: $? = 0
configure:2693: result: yes
configure:2702: checking whether g++ accepts -g
configure:2722: g++ -c -g  conftest.cpp >&5
configure:2722: $? = 0
configure:2763: result: yes
configure:2831: checking for a BSD-compatible install
configure:2899: result: /usr/bin/install -c
configure:2910: checking whether build environment is sane
configure:2965: result: yes
configure:3114: checking for a thread-safe mkdir -p
configure:3153: result: /bin/mkdir -p
configure:3160: checking for gawk
configure:3176: found /usr/bin/gawk
configure:3187: result: gawk
configure:3198: checking whether make sets $(MAKE)
configure:3220: result: yes
configure:3242: checking whether make supports the include directive
configure:3257: make -f confmf.GNU && cat confinc.out
this is the am__doit target
configure:3260: $? = 0
configure:3279: result: yes (GNU style)
configure:3312: checking whether make supports nested variables
configure:3329: result: yes
configure:3414: checking dependency style of g++
configure:3525: result: gcc3
configure:3612: checking build system type
configure:3626: result: x86_64-pc-linux-gnu
configure:3646: checking host system type
configure:3659: result: x86_64-pc-linux-gnu
configure:3700: checking how to print strings
configure:3727: result: printf
configure:3796: checking for gcc
configure:3812: found /usr/bin/gcc
configure:3823: result: gcc
configure:4052: checking for C compiler version
configure:4061: gcc --version >&5
gcc (Debian 8.3.0-6) 8.3.0
Copyright (C) 2018 Free Software Foundation, Inc.
This is free software; see the source for copying conditions.  There is NO
warranty; not even for MERCHANTABILITY or FITNESS FOR A PARTICULAR PURPOSE.

configure:4072: $? = 0
configure:4061: gcc -v >&5
Using built-in specs.
COLLECT_GCC=gcc
COLLECT_LTO_WRAPPER=/usr/lib/gcc/x86_64-linux-gnu/8/lto-wrapper
OFFLOAD_TARGET_NAMES=nvptx-none
OFFLOAD_TARGET_DEFAULT=1
Target: x86_64-linux-gnu
Configured with: ../src/configure -v --with-pkgversion='Debian 8.3.0-6' --with-bugurl=file:///usr/share/doc/gcc-8/README.Bugs --enable-languages=c,ada,c++,go,brig,d,fortran,objc,obj-c++ --prefix=/usr --with-gcc-major-version-only --program-suffix=-8 --program-prefix=x86_64-linux-gnu- --enable-shared --enable-linker-build-id --libexecdir=/usr/lib --without-included-gettext --enable-threads=posix --libdir=/usr/lib --enable-nls --enable-bootstrap --enable-clocale=gnu --enable-libstdcxx-debug --enable-libstdcxx-time=yes --with-default-libstdcxx-abi=new --enable-gnu-unique-object --disable-vtable-verify --enable-libmpx --enable-plugin --enable-default-pie --with-system-zlib --with-target-system-zlib --enable-objc-gc=auto --enable-multiarch --disable-werror --with-arch-32=i686 --with-abi=m64 --with-multilib-list=m32,m64,mx32 --enable-multilib --with-tune=generic --enable-offload-targets=nvptx-none --without-cuda-driver --enable-checking=release --build=x86_64-linux-gnu --host=x86_64-linux-gnu --target=x86_64-linux-gnu
Thread model: posix
gcc version 8.3.0 (Debian 8.3.0-6) 
configure:4072: $? = 0
configure:4061: gcc -V >&5
gcc: error: unrecognized command line option '-V'
gcc: fatal error: no input files
compilation terminated.
configure:4072: $? = 1
configure:4061: gcc -qversion >&5
gcc: error: unrecognized command line option '-qversion'; did you mean '--version'?
gcc: fatal error: no input files
compilation terminated.
configure:4072: $? = 1
configure:4076: checking whether we are using the GNU C compiler
configure:4095: gcc -c   conftest.c >&5
configure:4095: $? = 0
configure:4104: result: yes
configure:4113: checking whether gcc accepts -g
configure:4133: gcc -c -g  conftest.c >&5
configure:4133: $? = 0
configure:4174: result: yes
configure:4191: checking for gcc option to accept ISO C89
configure:4254: gcc  -c -g -O2  conftest.c >&5
configure:4254: $? = 0
configure:4267: result: none needed
configure:4292: checking whether gcc understands -c and -o together
configure:4314: gcc -c conftest.c -o conftest2.o
configure:4317: $? = 0
configure:4314: gcc -c conftest.c -o conftest2.o
configure:4317: $? = 0
configure:4329: result: yes
configure:4348: checking dependency style of gcc
configure:4459: result: gcc3
configure:4474: checking for a sed that does not truncate output
configure:4538: result: /bin/sed
configure:4556: checking for grep that handles long lines and -e
configure:4614: result: /bin/grep
configure:4619: checking for egrep
configure:4681: result: /bin/grep -E
configure:4686: checking for fgrep
configure:4748: result: /bin/grep -F
configure:4783: checking for ld used by gcc
configure:4850: result: /usr/bin/ld
configure:4857: checking if the linker (/usr/bin/ld) is GNU ld
configure:4872: result: yes
configure:4884: checking for BSD- or MS-compatible name lister (nm)
configure:4938: result: /usr/bin/nm -B
configure:5068: checking the name lister (/usr/bin/nm -B) interface
configure:5075: gcc -c -g -O2  conftest.c >&5
configure:5078: /usr/bin/nm -B "conftest.o"
configure:5081: output
0000000000000000 B some_variable
configure:5082: result: BSD nm
configure:5085: checking whether ln -s works
configure:5089: result: yes
configure:5097: checking the maximum length of command line arguments
configure:5228: result: 1572864
configure:5276: checking how to convert x86_64-pc-linux-gnu file names to x86_64-pc-linux-gnu format
configure:5316: result: func_convert_file_noop
configure:5323: checking how to convert x86_64-pc-linux-gnu file names to toolchain format
configure:5343: result: func_convert_file_noop
configure:5350: checking for /usr/bin/ld option to reload object files
configure:5357: result: -r
configure:5431: checking for objdump
configure:5447: found /usr/bin/objdump
configure:5458: result: objdump
configure:5490: checking how to recognize dependent libraries
configure:5690: result: pass_all
configure:5775: checking for dlltool
configure:5805: result: no
configure:5835: checking how to associate runtime and link libraries
configure:5862: result: printf %s\n
configure:5923: checking for ar
configure:5939: found /usr/bin/ar
configure:5950: result: ar
configure:5987: checking for archiver @FILE support
configure:6004: gcc -c -g -O2  conftest.c >&5
configure:6004: $? = 0
configure:6007: ar cru libconftest.a @conftest.lst >&5
ar: `u' modifier ignored since `D' is the default (see `U')
configure:6010: $? = 0
configure:6015: ar cru libconftest.a @conftest.lst >&5
ar: `u' modifier ignored since `D' is the default (see `U')
ar: conftest.o: No such file or directory
configure:6018: $? = 1
configure:6017: result: @
configure:6075: checking for strip
configure:6091: found /usr/bin/strip
configure:6102: result: strip
configure:6174: checking for ranlib
configure:6190: found /usr/bin/ranlib
configure:6201: result: ranlib
configure:6303: checking command to parse /usr/bin/nm -B output from gcc object
configure:6456: gcc -c -g -O2  conftest.c >&5
configure:6459: $? = 0
configure:6463: /usr/bin/nm -B conftest.o | sed -n -e 's/^.*[	 ]\([ABCDGIRSTW][ABCDGIRSTW]*\)[	 ][	 ]*\([_A-Za-z][_A-Za-z0-9]*\)$/\1 \2 \2/p' | sed '/ __gnu_lto/d' > conftest.nm
configure:6529: gcc -o conftest -g -O2   conftest.c conftstm.o >&5
configure:6532: $? = 0
configure:6570: result: ok
configure:6617: checking for sysroot
configure:6647: result: no
configure:6654: checking for a working dd
configure:6692: result: /bin/dd
configure:6696: checking how to truncate binary pipes
configure:6711: result: /bin/dd bs=4096 count=1
configure:6847: gcc -c -g -O2  conftest.c >&5
configure:6850: $? = 0
configure:7040: checking for mt
configure:7056: found /bin/mt
configure:7067: result: mt
configure:7090: checking if mt is a manifest tool
configure:7096: mt '-?'
configure:7104: result: no
configure:7781: checking how to run the C preprocessor
configure:7812: gcc -E  conftest.c
configure:7812: $? = 0
configure:7826: gcc -E  conftest.c
conftest.c:11:10: fatal error: ac_nonexistent.h: No such file or directory
 #include <ac_nonexistent.h>
          ^~~~~~~~~~~~~~~~~~
compilation terminated.
configure:7826: $? = 1
configure: failed program was:
| /* confdefs.h */
| #define PACKAGE_NAME "sdl_linux"
| #define PACKAGE_TARNAME "sdl_linux"
| #define PACKAGE_VERSION "0.0.1"
| #define PACKAGE_STRING "sdl_linux 0.0.1"
| #define PACKAGE_BUGREPORT "tim@metaverse.systems"
| #define PACKAGE_URL ""
| #define PACKAGE "sdl_linux"
| #define VERSION "0.0.1"
| /* end confdefs.h.  */
| #include <ac_nonexistent.h>
configure:7851: result: gcc -E
configure:7871: gcc -E  conftest.c
configure:7871: $? = 0
configure:7885: gcc -E  conftest.c
conftest.c:11:10: fatal error: ac_nonexistent.h: No such file or directory
 #include <ac_nonexistent.h>
          ^~~~~~~~~~~~~~~~~~
compilation terminated.
configure:7885: $? = 1
configure: failed program was:
| /* confdefs.h */
| #define PACKAGE_NAME "sdl_linux"
| #define PACKAGE_TARNAME "sdl_linux"
| #define PACKAGE_VERSION "0.0.1"
| #define PACKAGE_STRING "sdl_linux 0.0.1"
| #define PACKAGE_BUGREPORT "tim@metaverse.systems"
| #define PACKAGE_URL ""
| #define PACKAGE "sdl_linux"
| #define VERSION "0.0.1"
| /* end confdefs.h.  */
| #include <ac_nonexistent.h>
configure:7914: checking for ANSI C header files
configure:7934: gcc -c -g -O2  conftest.c >&5
configure:7934: $? = 0
configure:8007: gcc -o conftest -g -O2   conftest.c  >&5
configure:8007: $? = 0
configure:8007: ./conftest
configure:8007: $? = 0
configure:8018: result: yes
configure:8031: checking for sys/types.h
configure:8031: gcc -c -g -O2  conftest.c >&5
configure:8031: $? = 0
configure:8031: result: yes
configure:8031: checking for sys/stat.h
configure:8031: gcc -c -g -O2  conftest.c >&5
configure:8031: $? = 0
configure:8031: result: yes
configure:8031: checking for stdlib.h
configure:8031: gcc -c -g -O2  conftest.c >&5
configure:8031: $? = 0
configure:8031: result: yes
configure:8031: checking for string.h
configure:8031: gcc -c -g -O2  conftest.c >&5
configure:8031: $? = 0
configure:8031: result: yes
configure:8031: checking for memory.h
configure:8031: gcc -c -g -O2  conftest.c >&5
configure:8031: $? = 0
configure:8031: result: yes
configure:8031: checking for strings.h
configure:8031: gcc -c -g -O2  conftest.c >&5
configure:8031: $? = 0
configure:8031: result: yes
configure:8031: checking for inttypes.h
configure:8031: gcc -c -g -O2  conftest.c >&5
configure:8031: $? = 0
configure:8031: result: yes
configure:8031: checking for stdint.h
configure:8031: gcc -c -g -O2  conftest.c >&5
configure:8031: $? = 0
configure:8031: result: yes
configure:8031: checking for unistd.h
configure:8031: gcc -c -g -O2  conftest.c >&5
configure:8031: $? = 0
configure:8031: result: yes
configure:8045: checking for dlfcn.h
configure:8045: gcc -c -g -O2  conftest.c >&5
configure:8045: $? = 0
configure:8045: result: yes
configure:8311: checking for objdir
configure:8326: result: .libs
configure:8590: checking if gcc supports -fno-rtti -fno-exceptions
configure:8608: gcc -c -g -O2  -fno-rtti -fno-exceptions conftest.c >&5
cc1: warning: command line option '-fno-rtti' is valid for C++/ObjC++ but not for C
configure:8612: $? = 0
configure:8625: result: no
configure:8983: checking for gcc option to produce PIC
configure:8990: result: -fPIC -DPIC
configure:8998: checking if gcc PIC flag -fPIC -DPIC works
configure:9016: gcc -c -g -O2  -fPIC -DPIC -DPIC conftest.c >&5
configure:9020: $? = 0
configure:9033: result: yes
configure:9062: checking if gcc static flag -static works
configure:9090: result: yes
configure:9105: checking if gcc supports -c -o file.o
configure:9126: gcc -c -g -O2  -o out/conftest2.o conftest.c >&5
configure:9130: $? = 0
configure:9152: result: yes
configure:9160: checking if gcc supports -c -o file.o
configure:9207: result: yes
configure:9240: checking whether the gcc linker (/usr/bin/ld -m elf_x86_64) supports shared libraries
configure:10503: result: yes
configure:10540: checking whether -lc should be explicitly linked in
configure:10548: gcc -c -g -O2  conftest.c >&5
configure:10551: $? = 0
configure:10566: gcc -shared  -fPIC -DPIC conftest.o  -v -Wl,-soname -Wl,conftest -o conftest 2\>\&1 \| /bin/grep  -lc  \>/dev/null 2\>\&1
configure:10569: $? = 0
configure:10583: result: no
configure:10743: checking dynamic linker characteristics
configure:11324: gcc -o conftest -g -O2   -Wl,-rpath -Wl,/foo conftest.c  >&5
configure:11324: $? = 0
configure:11573: result: GNU/Linux ld.so
configure:11695: checking how to hardcode library paths into programs
configure:11720: result: immediate
configure:12268: checking whether stripping libraries is possible
configure:12273: result: yes
configure:12308: checking if libtool supports shared libraries
configure:12310: result: yes
configure:12313: checking whether to build shared libraries
configure:12338: result: yes
configure:12341: checking whether to build static libraries
configure:12345: result: no
configure:9144: checking how to run the C++ preprocessor
configure:9171: g++ -E  conftest.cpp
configure:9171: $? = 0
configure:9185: g++ -E  conftest.cpp
conftest.cpp:23:10: fatal error: ac_nonexistent.h: No such file or directory
 #include <ac_nonexistent.h>
          ^~~~~~~~~~~~~~~~~~
compilation terminated.
configure:9185: $? = 1
configure: failed program was:
| /* confdefs.h */
| #define PACKAGE_NAME "sdl_linux"
| #define PACKAGE_TARNAME "sdl_linux"
| #define PACKAGE_VERSION "0.0.1"
| #define PACKAGE_STRING "sdl_linux 0.0.1"
| #define PACKAGE_BUGREPORT "tim@metaverse.systems"
| #define PACKAGE_URL ""
| #define PACKAGE "sdl_linux"
| #define VERSION "0.0.1"
| #define STDC_HEADERS 1
| #define HAVE_SYS_TYPES_H 1
| #define HAVE_SYS_STAT_H 1
| #define HAVE_STDLIB_H 1
| #define HAVE_STRING_H 1
| #define HAVE_MEMORY_H 1
| #define HAVE_STRINGS_H 1
| #define HAVE_INTTYPES_H 1
| #define HAVE_STDINT_H 1
| #define HAVE_UNISTD_H 1
| #define HAVE_DLFCN_H 1
| #define LT_OBJDIR ".libs/"
| /* end confdefs.h.  */
| #include <ac_nonexistent.h>
configure:9210: result: g++ -E
configure:9230: g++ -E  conftest.cpp
configure:9230: $? = 0
configure:9244: g++ -E  conftest.cpp
conftest.cpp:23:10: fatal error: ac_nonexistent.h: No such file or directory
 #include <ac_nonexistent.h>
          ^~~~~~~~~~~~~~~~~~
compilation terminated.
configure:9244: $? = 1
configure: failed program was:
| /* confdefs.h */
| #define PACKAGE_NAME "sdl_linux"
| #define PACKAGE_TARNAME "sdl_linux"
| #define PACKAGE_VERSION "0.0.1"
| #define PACKAGE_STRING "sdl_linux 0.0.1"
| #define PACKAGE_BUGREPORT "tim@metaverse.systems"
| #define PACKAGE_URL ""
| #define PACKAGE "sdl_linux"
| #define VERSION "0.0.1"
| #define STDC_HEADERS 1
| #define HAVE_SYS_TYPES_H 1
| #define HAVE_SYS_STAT_H 1
| #define HAVE_STDLIB_H 1
| #define HAVE_STRING_H 1
| #define HAVE_MEMORY_H 1
| #define HAVE_STRINGS_H 1
| #define HAVE_INTTYPES_H 1
| #define HAVE_STDINT_H 1
| #define HAVE_UNISTD_H 1
| #define HAVE_DLFCN_H 1
| #define LT_OBJDIR ".libs/"
| /* end confdefs.h.  */
| #include <ac_nonexistent.h>
configure:9406: checking for ld used by g++
configure:9473: result: /usr/bin/ld -m elf_x86_64
configure:9480: checking if the linker (/usr/bin/ld -m elf_x86_64) is GNU ld
configure:9495: result: yes
configure:9550: checking whether the g++ linker (/usr/bin/ld -m elf_x86_64) supports shared libraries
configure:10623: result: yes
configure:10659: g++ -c -g -O2  conftest.cpp >&5
configure:10662: $? = 0
configure:11143: checking for g++ option to produce PIC
configure:11150: result: -fPIC -DPIC
configure:11158: checking if g++ PIC flag -fPIC -DPIC works
configure:11176: g++ -c -g -O2  -fPIC -DPIC -DPIC conftest.cpp >&5
configure:11180: $? = 0
configure:11193: result: yes
configure:11216: checking if g++ static flag -static works
configure:11244: result: yes
configure:11256: checking if g++ supports -c -o file.o
configure:11277: g++ -c -g -O2  -o out/conftest2.o conftest.cpp >&5
configure:11281: $? = 0
configure:11303: result: yes
configure:11308: checking if g++ supports -c -o file.o
configure:11355: result: yes
configure:11385: checking whether the g++ linker (/usr/bin/ld -m elf_x86_64) supports shared libraries
configure:11428: result: yes
configure:11569: checking dynamic linker characteristics
configure:12326: result: GNU/Linux ld.so
configure:12391: checking how to hardcode library paths into programs
configure:12416: result: immediate
configure:11365: checking for pkg-config
configure:11383: found /usr/bin/pkg-config
configure:11395: result: /usr/bin/pkg-config
configure:11420: checking pkg-config is at least version 0.9.0
configure:11423: result: yes
configure:11433: checking for LIBECS
configure:11440: $PKG_CONFIG --exists --print-errors "ecs-cpp"
configure:11443: $? = 0
configure:11457: $PKG_CONFIG --exists --print-errors "ecs-cpp"
configure:11460: $? = 0
configure:11518: result: yes
configure:11524: checking for JSONCPP
configure:11531: $PKG_CONFIG --exists --print-errors "jsoncpp"
configure:11534: $? = 0
configure:11548: $PKG_CONFIG --exists --print-errors "jsoncpp"
configure:11551: $? = 0
configure:11609: result: yes
configure:11615: checking for SDL2
configure:11622: $PKG_CONFIG --exists --print-errors "sdl2"
configure:11625: $? = 0
configure:11639: $PKG_CONFIG --exists --print-errors "sdl2"
configure:11642: $? = 0
configure:11700: result: yes
configure:11706: checking for SDL2_IMAGE
configure:11713: $PKG_CONFIG --exists --print-errors "SDL2_image"
configure:11716: $? = 0
configure:11730: $PKG_CONFIG --exists --print-errors "SDL2_image"
configure:11733: $? = 0
configure:11791: result: yes
configure:11899: checking that generated files are newer than configure
configure:11905: result: done
configure:11932: creating ./config.status

## ---------------------- ##
## Running config.status. ##
## ---------------------- ##

This file was extended by sdl_linux config.status 0.0.1, which was
generated by GNU Autoconf 2.69.  Invocation command line was

  CONFIG_FILES    = 
  CONFIG_HEADERS  = 
  CONFIG_LINKS    = 
  CONFIG_COMMANDS = 
  $ ./config.status 

on tim-linux

config.status:1155: creating Makefile
config.status:1155: creating src/Makefile
config.status:1155: creating config.h
config.status:1384: executing depfiles commands
config.status:1461: cd src       && sed -e '/# am--include-marker/d' Makefile         | make -f - am--depfiles
config.status:1466: $? = 0
config.status:1384: executing libtool commands

## ---------------- ##
## Cache variables. ##
## ---------------- ##

ac_cv_build=x86_64-pc-linux-gnu
ac_cv_c_compiler_gnu=yes
ac_cv_cxx_compiler_gnu=yes
ac_cv_env_CCC_set=
ac_cv_env_CCC_value=
ac_cv_env_CC_set=
ac_cv_env_CC_value=
ac_cv_env_CFLAGS_set=
ac_cv_env_CFLAGS_value=
ac_cv_env_CPPFLAGS_set=
ac_cv_env_CPPFLAGS_value=
ac_cv_env_CPP_set=
ac_cv_env_CPP_value=
ac_cv_env_CXXCPP_set=
ac_cv_env_CXXCPP_value=
ac_cv_env_CXXFLAGS_set=
ac_cv_env_CXXFLAGS_value=
ac_cv_env_CXX_set=
ac_cv_env_CXX_value=
ac_cv_env_JSONCPP_CFLAGS_set=
ac_cv_env_JSONCPP_CFLAGS_value=
ac_cv_env_JSONCPP_LIBS_set=
ac_cv_env_JSONCPP_LIBS_value=
ac_cv_env_LDFLAGS_set=
ac_cv_env_LDFLAGS_value=
ac_cv_env_LIBECS_CFLAGS_set=
ac_cv_env_LIBECS_CFLAGS_value=
ac_cv_env_LIBECS_LIBS_set=
ac_cv_env_LIBECS_LIBS_value=
ac_cv_env_LIBS_set=
ac_cv_env_LIBS_value=
ac_cv_env_LT_SYS_LIBRARY_PATH_set=
ac_cv_env_LT_SYS_LIBRARY_PATH_value=
ac_cv_env_PKG_CONFIG_LIBDIR_set=
ac_cv_env_PKG_CONFIG_LIBDIR_value=
ac_cv_env_PKG_CONFIG_PATH_set=
ac_cv_env_PKG_CONFIG_PATH_value=
ac_cv_env_PKG_CONFIG_set=
ac_cv_env_PKG_CONFIG_value=
ac_cv_env_SDL2_CFLAGS_set=
ac_cv_env_SDL2_CFLAGS_value=
ac_cv_env_SDL2_IMAGE_CFLAGS_set=
ac_cv_env_SDL2_IMAGE_CFLAGS_value=
ac_cv_env_SDL2_IMAGE_LIBS_set=
ac_cv_env_SDL2_IMAGE_LIBS_value=
ac_cv_env_SDL2_LIBS_set=
ac_cv_env_SDL2_LIBS_value=
ac_cv_env_build_alias_set=
ac_cv_env_build_alias_value=
ac_cv_env_host_alias_set=
ac_cv_env_host_alias_value=
ac_cv_env_target_alias_set=
ac_cv_env_target_alias_value=
ac_cv_header_dlfcn_h=yes
ac_cv_header_inttypes_h=yes
ac_cv_header_memory_h=yes
ac_cv_header_stdc=yes
ac_cv_header_stdint_h=yes
ac_cv_header_stdlib_h=yes
ac_cv_header_string_h=yes
ac_cv_header_strings_h=yes
ac_cv_header_sys_stat_h=yes
ac_cv_header_sys_types_h=yes
ac_cv_header_unistd_h=yes
ac_cv_host=x86_64-pc-linux-gnu
ac_cv_objext=o
ac_cv_path_EGREP='/bin/grep -E'
ac_cv_path_FGREP='/bin/grep -F'
ac_cv_path_GREP=/bin/grep
ac_cv_path_SED=/bin/sed
ac_cv_path_ac_pt_PKG_CONFIG=/usr/bin/pkg-config
ac_cv_path_install='/usr/bin/install -c'
ac_cv_path_lt_DD=/bin/dd
ac_cv_path_mkdir=/bin/mkdir
ac_cv_prog_AWK=gawk
ac_cv_prog_CPP='gcc -E'
ac_cv_prog_CXXCPP='g++ -E'
ac_cv_prog_ac_ct_AR=ar
ac_cv_prog_ac_ct_CC=gcc
ac_cv_prog_ac_ct_CXX=g++
ac_cv_prog_ac_ct_MANIFEST_TOOL=mt
ac_cv_prog_ac_ct_OBJDUMP=objdump
ac_cv_prog_ac_ct_RANLIB=ranlib
ac_cv_prog_ac_ct_STRIP=strip
ac_cv_prog_cc_c89=
ac_cv_prog_cc_g=yes
ac_cv_prog_cxx_g=yes
ac_cv_prog_make_make_set=yes
am_cv_CC_dependencies_compiler_type=gcc3
am_cv_CXX_dependencies_compiler_type=gcc3
am_cv_make_support_nested_variables=yes
am_cv_prog_cc_c_o=yes
lt_cv_ar_at_file=@
lt_cv_archive_cmds_need_lc=no
lt_cv_deplibs_check_method=pass_all
lt_cv_file_magic_cmd='$MAGIC_CMD'
lt_cv_file_magic_test_file=
lt_cv_ld_reload_flag=-r
lt_cv_nm_interface='BSD nm'
lt_cv_objdir=.libs
lt_cv_path_LD=/usr/bin/ld
lt_cv_path_LDCXX='/usr/bin/ld -m elf_x86_64'
lt_cv_path_NM='/usr/bin/nm -B'
lt_cv_path_mainfest_tool=no
lt_cv_prog_compiler_c_o=yes
lt_cv_prog_compiler_c_o_CXX=yes
lt_cv_prog_compiler_pic='-fPIC -DPIC'
lt_cv_prog_compiler_pic_CXX='-fPIC -DPIC'
lt_cv_prog_compiler_pic_works=yes
lt_cv_prog_compiler_pic_works_CXX=yes
lt_cv_prog_compiler_rtti_exceptions=no
lt_cv_prog_compiler_static_works=yes
lt_cv_prog_compiler_static_works_CXX=yes
lt_cv_prog_gnu_ld=yes
lt_cv_prog_gnu_ldcxx=yes
lt_cv_sharedlib_from_linklib_cmd='printf %s\n'
lt_cv_shlibpath_overrides_runpath=yes
lt_cv_sys_global_symbol_pipe='sed -n -e '\''s/^.*[	 ]\([ABCDGIRSTW][ABCDGIRSTW]*\)[	 ][	 ]*\([_A-Za-z][_A-Za-z0-9]*\)$/\1 \2 \2/p'\'' | sed '\''/ __gnu_lto/d'\'''
lt_cv_sys_global_symbol_to_c_name_address='sed -n -e '\''s/^: \(.*\) .*$/  {"\1", (void *) 0},/p'\'' -e '\''s/^[ABCDGIRSTW][ABCDGIRSTW]* .* \(.*\)$/  {"\1", (void *) \&\1},/p'\'''
lt_cv_sys_global_symbol_to_c_name_address_lib_prefix='sed -n -e '\''s/^: \(.*\) .*$/  {"\1", (void *) 0},/p'\'' -e '\''s/^[ABCDGIRSTW][ABCDGIRSTW]* .* \(lib.*\)$/  {"\1", (void *) \&\1},/p'\'' -e '\''s/^[ABCDGIRSTW][ABCDGIRSTW]* .* \(.*\)$/  {"lib\1", (void *) \&\1},/p'\'''
lt_cv_sys_global_symbol_to_cdecl='sed -n -e '\''s/^T .* \(.*\)$/extern int \1();/p'\'' -e '\''s/^[ABCDGIRSTW][ABCDGIRSTW]* .* \(.*\)$/extern char \1;/p'\'''
lt_cv_sys_global_symbol_to_import=
lt_cv_sys_max_cmd_len=1572864
lt_cv_to_host_file_cmd=func_convert_file_noop
lt_cv_to_tool_file_cmd=func_convert_file_noop
lt_cv_truncate_bin='/bin/dd bs=4096 count=1'
pkg_cv_JSONCPP_CFLAGS=-I/usr/include/jsoncpp
pkg_cv_JSONCPP_LIBS=-ljsoncpp
pkg_cv_LIBECS_CFLAGS='-I/usr/local/include -I/usr/include/uuid -I/usr/include/jsoncpp'
pkg_cv_LIBECS_LIBS='-L/usr/local/lib -lecs-cpp -luuid -ljsoncpp'
pkg_cv_SDL2_CFLAGS='-D_REENTRANT -I/usr/include/SDL2'
pkg_cv_SDL2_IMAGE_CFLAGS='-D_REENTRANT -I/usr/include/SDL2'
pkg_cv_SDL2_IMAGE_LIBS='-lSDL2_image -lSDL2'
pkg_cv_SDL2_LIBS=-lSDL2

## ----------------- ##
## Output variables. ##
## ----------------- ##

ACLOCAL='${SHELL} /home/tim/projects/the-seed/missing aclocal-1.16'
AMDEPBACKSLASH='\'
AMDEP_FALSE='#'
AMDEP_TRUE=''
AMTAR='$${TAR-tar}'
AM_BACKSLASH='\'
AM_DEFAULT_V='$(AM_DEFAULT_VERBOSITY)'
AM_DEFAULT_VERBOSITY='1'
AM_V='$(V)'
AR='ar'
AUTOCONF='${SHELL} /home/tim/projects/the-seed/missing autoconf'
AUTOHEADER='${SHELL} /home/tim/projects/the-seed/missing autoheader'
AUTOMAKE='${SHELL} /home/tim/projects/the-seed/missing automake-1.16'
AWK='gawk'
CC='gcc'
CCDEPMODE='depmode=gcc3'
CFLAGS='-g -O2'
CPP='gcc -E'
CPPFLAGS=''
CXX='g++'
CXXCPP='g++ -E'
CXXDEPMODE='depmode=gcc3'
CXXFLAGS='-g -O2'
CYGPATH_W='echo'
DEFS='-DHAVE_CONFIG_H'
DEPDIR='.deps'
DLLTOOL='false'
DSYMUTIL=''
DUMPBIN=''
ECHO_C=''
ECHO_N='-n'
ECHO_T=''
EGREP='/bin/grep -E'
EXEEXT=''
FGREP='/bin/grep -F'
GREP='/bin/grep'
INSTALL_DATA='${INSTALL} -m 644'
INSTALL_PROGRAM='${INSTALL}'
INSTALL_SCRIPT='${INSTALL}'
INSTALL_STRIP_PROGRAM='$(install_sh) -c -s'
JSONCPP_CFLAGS='-I/usr/include/jsoncpp'
JSONCPP_LIBS='-ljsoncpp'
LD='/usr/bin/ld -m elf_x86_64'
LDFLAGS=''
LIBECS_CFLAGS='-I/usr/local/include -I/usr/include/uuid -I/usr/include/jsoncpp'
LIBECS_LIBS='-L/usr/local/lib -lecs-cpp -luuid -ljsoncpp'
LIBOBJS=''
LIBS=''
LIBTOOL='$(SHELL) $(top_builddir)/libtool'
LIPO=''
LN_S='ln -s'
LTLIBOBJS=''
LT_SYS_LIBRARY_PATH=''
MAKEINFO='${SHELL} /home/tim/projects/the-seed/missing makeinfo'
MANIFEST_TOOL=':'
MKDIR_P='/bin/mkdir -p'
NM='/usr/bin/nm -B'
NMEDIT=''
OBJDUMP='objdump'
OBJEXT='o'
OTOOL64=''
OTOOL=''
PACKAGE='sdl_linux'
PACKAGE_BUGREPORT='tim@metaverse.systems'
PACKAGE_NAME='sdl_linux'
PACKAGE_STRING='sdl_linux 0.0.1'
PACKAGE_TARNAME='sdl_linux'
PACKAGE_URL=''
PACKAGE_VERSION='0.0.1'
PATH_SEPARATOR=':'
PKG_CONFIG='/usr/bin/pkg-config'
PKG_CONFIG_LIBDIR=''
PKG_CONFIG_PATH=''
RANLIB='ranlib'
SDL2_CFLAGS='-D_REENTRANT -I/usr/include/SDL2'
SDL2_IMAGE_CFLAGS='-D_REENTRANT -I/usr/include/SDL2'
SDL2_IMAGE_LIBS='-lSDL2_image -lSDL2'
SDL2_LIBS='-lSDL2'
SED='/bin/sed'
SET_MAKE=''
SHELL='/bin/bash'
STRIP='strip'
VERSION='0.0.1'
ac_ct_AR='ar'
ac_ct_CC='gcc'
ac_ct_CXX='g++'
ac_ct_DUMPBIN=''
am__EXEEXT_FALSE=''
am__EXEEXT_TRUE='#'
am__fastdepCC_FALSE='#'
am__fastdepCC_TRUE=''
am__fastdepCXX_FALSE='#'
am__fastdepCXX_TRUE=''
am__include='include'
am__isrc=''
am__leading_dot='.'
am__nodep='_no'
am__quote=''
am__tar='$${TAR-tar} chof - "$$tardir"'
am__untar='$${TAR-tar} xf -'
bindir='${exec_prefix}/bin'
build='x86_64-pc-linux-gnu'
build_alias=''
build_cpu='x86_64'
build_os='linux-gnu'
build_vendor='pc'
datadir='${datarootdir}'
datarootdir='${prefix}/share'
docdir='${datarootdir}/doc/${PACKAGE_TARNAME}'
dvidir='${docdir}'
exec_prefix='${prefix}'
host='x86_64-pc-linux-gnu'
host_alias=''
host_cpu='x86_64'
host_os='linux-gnu'
host_vendor='pc'
htmldir='${docdir}'
includedir='${prefix}/include'
infodir='${datarootdir}/info'
install_sh='${SHELL} /home/tim/projects/the-seed/install-sh'
libdir='${exec_prefix}/lib'
libexecdir='${exec_prefix}/libexec'
localedir='${datarootdir}/locale'
localstatedir='${prefix}/var'
mandir='${datarootdir}/man'
mkdir_p='$(MKDIR_P)'
oldincludedir='/usr/include'
pdfdir='${docdir}'
prefix='/usr/local'
program_transform_name='s,x,x,'
psdir='${docdir}'
runstatedir='${localstatedir}/run'
sbindir='${exec_prefix}/sbin'
sharedstatedir='${prefix}/com'
sysconfdir='${prefix}/etc'
target_alias=''

## ----------- ##
## confdefs.h. ##
## ----------- ##

/* confdefs.h */
#define PACKAGE_NAME "sdl_linux"
#define PACKAGE_TARNAME "sdl_linux"
#define PACKAGE_VERSION "0.0.1"
#define PACKAGE_STRING "sdl_linux 0.0.1"
#define PACKAGE_BUGREPORT "tim@metaverse.systems"
#define PACKAGE_URL ""
#define PACKAGE "sdl_linux"
#define VERSION "0.0.1"
#define STDC_HEADERS 1
#define HAVE_SYS_TYPES_H 1
#define HAVE_SYS_STAT_H 1
#define HAVE_STDLIB_H 1
#define HAVE_STRING_H 1
#define HAVE_MEMORY_H 1
#define HAVE_STRINGS_H 1
#define HAVE_INTTYPES_H 1
#define HAVE_STDINT_H 1
#define HAVE_UNISTD_H 1
#define HAVE_DLFCN_H 1
#define LT_OBJDIR ".libs/"

configure: exit 0
