This file contains any messages produced by compilers while
running configure, to aid debugging if configure makes a mistake.

It was created by velocity configure 0.0.1, which was
generated by GNU Autoconf 2.69.  Invocation command line was

  $ ./configure 

## --------- ##
## Platform. ##
## --------- ##

hostname = tim-linux
uname -m = x86_64
uname -r = 5.3.11-19.11.18.amdgpu
uname -s = Linux
uname -v = #1 SMP Mon Nov 18 23:49:12 CET 2019

/usr/bin/uname -p = unknown
/bin/uname -X     = unknown

/bin/arch              = unknown
/usr/bin/arch -k       = unknown
/usr/convex/getsysinfo = unknown
/usr/bin/hostinfo      = unknown
/bin/machine           = unknown
/usr/bin/oslevel       = unknown
/bin/universe          = unknown

PATH: /home/tim/.npm-packages/bin
PATH: /opt/wine-staging/bin
PATH: /opt/wine-staging/bin
PATH: /home/tim/.cargo/bin
PATH: /home/tim/bin
PATH: /usr/local/bin
PATH: /usr/bin
PATH: /bin
PATH: /usr/local/games
PATH: /usr/games


## ----------- ##
## Core tests. ##
## ----------- ##

configure:2351: checking for g++
configure:2367: found /usr/bin/g++
configure:2378: result: g++
configure:2405: checking for C++ compiler version
configure:2414: g++ --version >&5
g++ (Debian 9.2.1-21) 9.2.1 20191130
Copyright (C) 2019 Free Software Foundation, Inc.
This is free software; see the source for copying conditions.  There is NO
warranty; not even for MERCHANTABILITY or FITNESS FOR A PARTICULAR PURPOSE.

configure:2425: $? = 0
configure:2414: g++ -v >&5
Using built-in specs.
COLLECT_GCC=g++
COLLECT_LTO_WRAPPER=/usr/lib/gcc/x86_64-linux-gnu/9/lto-wrapper
OFFLOAD_TARGET_NAMES=nvptx-none:hsa
OFFLOAD_TARGET_DEFAULT=1
Target: x86_64-linux-gnu
Configured with: ../src/configure -v --with-pkgversion='Debian 9.2.1-21' --with-bugurl=file:///usr/share/doc/gcc-9/README.Bugs --enable-languages=c,ada,c++,go,brig,d,fortran,objc,obj-c++,gm2 --prefix=/usr --with-gcc-major-version-only --program-suffix=-9 --program-prefix=x86_64-linux-gnu- --enable-shared --enable-linker-build-id --libexecdir=/usr/lib --without-included-gettext --enable-threads=posix --libdir=/usr/lib --enable-nls --enable-bootstrap --enable-clocale=gnu --enable-libstdcxx-debug --enable-libstdcxx-time=yes --with-default-libstdcxx-abi=new --enable-gnu-unique-object --disable-vtable-verify --enable-plugin --enable-default-pie --with-system-zlib --with-target-system-zlib=auto --enable-objc-gc=auto --enable-multiarch --disable-werror --with-arch-32=i686 --with-abi=m64 --with-multilib-list=m32,m64,mx32 --enable-multilib --with-tune=generic --enable-offload-targets=nvptx-none,hsa --without-cuda-driver --enable-checking=release --build=x86_64-linux-gnu --host=x86_64-linux-gnu --target=x86_64-linux-gnu --with-build-config=bootstrap-lto-lean --enable-link-mutex
Thread model: posix
gcc version 9.2.1 20191130 (Debian 9.2.1-21) 
configure:2425: $? = 0
configure:2414: g++ -V >&5
g++: error: unrecognized command line option '-V'
g++: fatal error: no input files
compilation terminated.
configure:2425: $? = 1
configure:2414: g++ -qversion >&5
g++: error: unrecognized command line option '-qversion'; did you mean '--version'?
g++: fatal error: no input files
compilation terminated.
configure:2425: $? = 1
configure:2445: checking whether the C++ compiler works
configure:2467: g++    conftest.cpp  >&5
configure:2471: $? = 0
configure:2519: result: yes
configure:2522: checking for C++ compiler default output file name
configure:2524: result: a.out
configure:2530: checking for suffix of executables
configure:2537: g++ -o conftest    conftest.cpp  >&5
configure:2541: $? = 0
configure:2563: result: 
configure:2585: checking whether we are cross compiling
configure:2593: g++ -o conftest    conftest.cpp  >&5
configure:2597: $? = 0
configure:2604: ./conftest
configure:2608: $? = 0
configure:2596: result: no
configure:2601: checking for suffix of object files
configure:2623: g++ -c   conftest.cpp >&5
configure:2627: $? = 0
configure:2648: result: o
configure:2652: checking whether we are using the GNU C++ compiler
configure:2671: g++ -c   conftest.cpp >&5
configure:2671: $? = 0
configure:2680: result: yes
configure:2689: checking whether g++ accepts -g
configure:2709: g++ -c -g  conftest.cpp >&5
configure:2709: $? = 0
configure:2750: result: yes
configure:2818: checking for a BSD-compatible install
configure:2886: result: /usr/bin/install -c
configure:2897: checking whether build environment is sane
configure:2952: result: yes
configure:3101: checking for a thread-safe mkdir -p
configure:3140: result: /bin/mkdir -p
configure:3147: checking for gawk
configure:3163: found /usr/bin/gawk
configure:3174: result: gawk
configure:3185: checking whether make sets $(MAKE)
configure:3207: result: yes
configure:3229: checking whether make supports the include directive
configure:3244: make -f confmf.GNU && cat confinc.out
this is the am__doit target
configure:3247: $? = 0
configure:3266: result: yes (GNU style)
configure:3299: checking whether make supports nested variables
configure:3316: result: yes
configure:3401: checking dependency style of g++
configure:3512: result: gcc3
configure:3599: checking build system type
configure:3613: result: x86_64-pc-linux-gnu
configure:3633: checking host system type
configure:3646: result: x86_64-pc-linux-gnu
configure:3687: checking how to print strings
configure:3714: result: printf
configure:3783: checking for gcc
configure:3799: found /usr/bin/gcc
configure:3810: result: gcc
configure:4039: checking for C compiler version
configure:4048: gcc --version >&5
gcc (Debian 9.2.1-21) 9.2.1 20191130
Copyright (C) 2019 Free Software Foundation, Inc.
This is free software; see the source for copying conditions.  There is NO
warranty; not even for MERCHANTABILITY or FITNESS FOR A PARTICULAR PURPOSE.

configure:4059: $? = 0
configure:4048: gcc -v >&5
Using built-in specs.
COLLECT_GCC=gcc
COLLECT_LTO_WRAPPER=/usr/lib/gcc/x86_64-linux-gnu/9/lto-wrapper
OFFLOAD_TARGET_NAMES=nvptx-none:hsa
OFFLOAD_TARGET_DEFAULT=1
Target: x86_64-linux-gnu
Configured with: ../src/configure -v --with-pkgversion='Debian 9.2.1-21' --with-bugurl=file:///usr/share/doc/gcc-9/README.Bugs --enable-languages=c,ada,c++,go,brig,d,fortran,objc,obj-c++,gm2 --prefix=/usr --with-gcc-major-version-only --program-suffix=-9 --program-prefix=x86_64-linux-gnu- --enable-shared --enable-linker-build-id --libexecdir=/usr/lib --without-included-gettext --enable-threads=posix --libdir=/usr/lib --enable-nls --enable-bootstrap --enable-clocale=gnu --enable-libstdcxx-debug --enable-libstdcxx-time=yes --with-default-libstdcxx-abi=new --enable-gnu-unique-object --disable-vtable-verify --enable-plugin --enable-default-pie --with-system-zlib --with-target-system-zlib=auto --enable-objc-gc=auto --enable-multiarch --disable-werror --with-arch-32=i686 --with-abi=m64 --with-multilib-list=m32,m64,mx32 --enable-multilib --with-tune=generic --enable-offload-targets=nvptx-none,hsa --without-cuda-driver --enable-checking=release --build=x86_64-linux-gnu --host=x86_64-linux-gnu --target=x86_64-linux-gnu --with-build-config=bootstrap-lto-lean --enable-link-mutex
Thread model: posix
gcc version 9.2.1 20191130 (Debian 9.2.1-21) 
configure:4059: $? = 0
configure:4048: gcc -V >&5
gcc: error: unrecognized command line option '-V'
gcc: fatal error: no input files
compilation terminated.
configure:4059: $? = 1
configure:4048: gcc -qversion >&5
gcc: error: unrecognized command line option '-qversion'; did you mean '--version'?
gcc: fatal error: no input files
compilation terminated.
configure:4059: $? = 1
configure:4063: checking whether we are using the GNU C compiler
configure:4082: gcc -c   conftest.c >&5
configure:4082: $? = 0
configure:4091: result: yes
configure:4100: checking whether gcc accepts -g
configure:4120: gcc -c -g  conftest.c >&5
configure:4120: $? = 0
configure:4161: result: yes
configure:4178: checking for gcc option to accept ISO C89
configure:4241: gcc  -c -g -O2  conftest.c >&5
configure:4241: $? = 0
configure:4254: result: none needed
configure:4279: checking whether gcc understands -c and -o together
configure:4301: gcc -c conftest.c -o conftest2.o
configure:4304: $? = 0
configure:4301: gcc -c conftest.c -o conftest2.o
configure:4304: $? = 0
configure:4316: result: yes
configure:4335: checking dependency style of gcc
configure:4446: result: gcc3
configure:4461: checking for a sed that does not truncate output
configure:4525: result: /bin/sed
configure:4543: checking for grep that handles long lines and -e
configure:4601: result: /bin/grep
configure:4606: checking for egrep
configure:4668: result: /bin/grep -E
configure:4673: checking for fgrep
configure:4735: result: /bin/grep -F
configure:4770: checking for ld used by gcc
configure:4837: result: /usr/bin/ld
configure:4844: checking if the linker (/usr/bin/ld) is GNU ld
configure:4859: result: yes
configure:4871: checking for BSD- or MS-compatible name lister (nm)
configure:4925: result: /usr/bin/nm -B
configure:5055: checking the name lister (/usr/bin/nm -B) interface
configure:5062: gcc -c -g -O2  conftest.c >&5
configure:5065: /usr/bin/nm -B "conftest.o"
configure:5068: output
0000000000000000 B some_variable
configure:5069: result: BSD nm
configure:5072: checking whether ln -s works
configure:5076: result: yes
configure:5084: checking the maximum length of command line arguments
configure:5215: result: 1572864
configure:5263: checking how to convert x86_64-pc-linux-gnu file names to x86_64-pc-linux-gnu format
configure:5303: result: func_convert_file_noop
configure:5310: checking how to convert x86_64-pc-linux-gnu file names to toolchain format
configure:5330: result: func_convert_file_noop
configure:5337: checking for /usr/bin/ld option to reload object files
configure:5344: result: -r
configure:5418: checking for objdump
configure:5434: found /usr/bin/objdump
configure:5445: result: objdump
configure:5477: checking how to recognize dependent libraries
configure:5677: result: pass_all
configure:5762: checking for dlltool
configure:5792: result: no
configure:5822: checking how to associate runtime and link libraries
configure:5849: result: printf %s\n
configure:5910: checking for ar
configure:5926: found /usr/bin/ar
configure:5937: result: ar
configure:5974: checking for archiver @FILE support
configure:5991: gcc -c -g -O2  conftest.c >&5
configure:5991: $? = 0
configure:5994: ar cru libconftest.a @conftest.lst >&5
ar: `u' modifier ignored since `D' is the default (see `U')
configure:5997: $? = 0
configure:6002: ar cru libconftest.a @conftest.lst >&5
ar: `u' modifier ignored since `D' is the default (see `U')
ar: conftest.o: No such file or directory
configure:6005: $? = 1
configure:6004: result: @
configure:6062: checking for strip
configure:6078: found /usr/bin/strip
configure:6089: result: strip
configure:6161: checking for ranlib
configure:6177: found /usr/bin/ranlib
configure:6188: result: ranlib
configure:6290: checking command to parse /usr/bin/nm -B output from gcc object
configure:6443: gcc -c -g -O2  conftest.c >&5
configure:6446: $? = 0
configure:6450: /usr/bin/nm -B conftest.o | sed -n -e 's/^.*[	 ]\([ABCDGIRSTW][ABCDGIRSTW]*\)[	 ][	 ]*\([_A-Za-z][_A-Za-z0-9]*\)$/\1 \2 \2/p' | sed '/ __gnu_lto/d' > conftest.nm
configure:6516: gcc -o conftest -g -O2   conftest.c conftstm.o >&5
configure:6519: $? = 0
configure:6557: result: ok
configure:6604: checking for sysroot
configure:6634: result: no
configure:6641: checking for a working dd
configure:6679: result: /bin/dd
configure:6683: checking how to truncate binary pipes
configure:6698: result: /bin/dd bs=4096 count=1
configure:6834: gcc -c -g -O2  conftest.c >&5
configure:6837: $? = 0
configure:7027: checking for mt
configure:7043: found /bin/mt
configure:7054: result: mt
configure:7077: checking if mt is a manifest tool
configure:7083: mt '-?'
configure:7091: result: no
configure:7768: checking how to run the C preprocessor
configure:7799: gcc -E  conftest.c
configure:7799: $? = 0
configure:7813: gcc -E  conftest.c
conftest.c:11:10: fatal error: ac_nonexistent.h: No such file or directory
   11 | #include <ac_nonexistent.h>
      |          ^~~~~~~~~~~~~~~~~~
compilation terminated.
configure:7813: $? = 1
configure: failed program was:
| /* confdefs.h */
| #define PACKAGE_NAME "velocity"
| #define PACKAGE_TARNAME "velocity"
| #define PACKAGE_VERSION "0.0.1"
| #define PACKAGE_STRING "velocity 0.0.1"
| #define PACKAGE_BUGREPORT "tim@metaverse.systems"
| #define PACKAGE_URL "https://metaverse.systems"
| #define PACKAGE "velocity"
| #define VERSION "0.0.1"
| /* end confdefs.h.  */
| #include <ac_nonexistent.h>
configure:7838: result: gcc -E
configure:7858: gcc -E  conftest.c
configure:7858: $? = 0
configure:7872: gcc -E  conftest.c
conftest.c:11:10: fatal error: ac_nonexistent.h: No such file or directory
   11 | #include <ac_nonexistent.h>
      |          ^~~~~~~~~~~~~~~~~~
compilation terminated.
configure:7872: $? = 1
configure: failed program was:
| /* confdefs.h */
| #define PACKAGE_NAME "velocity"
| #define PACKAGE_TARNAME "velocity"
| #define PACKAGE_VERSION "0.0.1"
| #define PACKAGE_STRING "velocity 0.0.1"
| #define PACKAGE_BUGREPORT "tim@metaverse.systems"
| #define PACKAGE_URL "https://metaverse.systems"
| #define PACKAGE "velocity"
| #define VERSION "0.0.1"
| /* end confdefs.h.  */
| #include <ac_nonexistent.h>
configure:7901: checking for ANSI C header files
configure:7921: gcc -c -g -O2  conftest.c >&5
configure:7921: $? = 0
configure:7994: gcc -o conftest -g -O2   conftest.c  >&5
configure:7994: $? = 0
configure:7994: ./conftest
configure:7994: $? = 0
configure:8005: result: yes
configure:8018: checking for sys/types.h
configure:8018: gcc -c -g -O2  conftest.c >&5
configure:8018: $? = 0
configure:8018: result: yes
configure:8018: checking for sys/stat.h
configure:8018: gcc -c -g -O2  conftest.c >&5
configure:8018: $? = 0
configure:8018: result: yes
configure:8018: checking for stdlib.h
configure:8018: gcc -c -g -O2  conftest.c >&5
configure:8018: $? = 0
configure:8018: result: yes
configure:8018: checking for string.h
configure:8018: gcc -c -g -O2  conftest.c >&5
configure:8018: $? = 0
configure:8018: result: yes
configure:8018: checking for memory.h
configure:8018: gcc -c -g -O2  conftest.c >&5
configure:8018: $? = 0
configure:8018: result: yes
configure:8018: checking for strings.h
configure:8018: gcc -c -g -O2  conftest.c >&5
configure:8018: $? = 0
configure:8018: result: yes
configure:8018: checking for inttypes.h
configure:8018: gcc -c -g -O2  conftest.c >&5
configure:8018: $? = 0
configure:8018: result: yes
configure:8018: checking for stdint.h
configure:8018: gcc -c -g -O2  conftest.c >&5
configure:8018: $? = 0
configure:8018: result: yes
configure:8018: checking for unistd.h
configure:8018: gcc -c -g -O2  conftest.c >&5
configure:8018: $? = 0
configure:8018: result: yes
configure:8032: checking for dlfcn.h
configure:8032: gcc -c -g -O2  conftest.c >&5
configure:8032: $? = 0
configure:8032: result: yes
configure:8298: checking for objdir
configure:8313: result: .libs
configure:8577: checking if gcc supports -fno-rtti -fno-exceptions
configure:8595: gcc -c -g -O2  -fno-rtti -fno-exceptions conftest.c >&5
cc1: warning: command line option '-fno-rtti' is valid for C++/D/ObjC++ but not for C
configure:8599: $? = 0
configure:8612: result: no
configure:8976: checking for gcc option to produce PIC
configure:8983: result: -fPIC -DPIC
configure:8991: checking if gcc PIC flag -fPIC -DPIC works
configure:9009: gcc -c -g -O2  -fPIC -DPIC -DPIC conftest.c >&5
configure:9013: $? = 0
configure:9026: result: yes
configure:9055: checking if gcc static flag -static works
configure:9083: result: yes
configure:9098: checking if gcc supports -c -o file.o
configure:9119: gcc -c -g -O2  -o out/conftest2.o conftest.c >&5
configure:9123: $? = 0
configure:9145: result: yes
configure:9153: checking if gcc supports -c -o file.o
configure:9200: result: yes
configure:9233: checking whether the gcc linker (/usr/bin/ld -m elf_x86_64) supports shared libraries
configure:10496: result: yes
configure:10533: checking whether -lc should be explicitly linked in
configure:10541: gcc -c -g -O2  conftest.c >&5
configure:10544: $? = 0
configure:10559: gcc -shared  -fPIC -DPIC conftest.o  -v -Wl,-soname -Wl,conftest -o conftest 2\>\&1 \| /bin/grep  -lc  \>/dev/null 2\>\&1
configure:10562: $? = 0
configure:10576: result: no
configure:10736: checking dynamic linker characteristics
configure:11317: gcc -o conftest -g -O2   -Wl,-rpath -Wl,/foo conftest.c  >&5
configure:11317: $? = 0
configure:11566: result: GNU/Linux ld.so
configure:11688: checking how to hardcode library paths into programs
configure:11713: result: immediate
configure:12261: checking whether stripping libraries is possible
configure:12266: result: yes
configure:12301: checking if libtool supports shared libraries
configure:12303: result: yes
configure:12306: checking whether to build shared libraries
configure:12331: result: yes
configure:12334: checking whether to build static libraries
configure:12338: result: no
configure:9137: checking how to run the C++ preprocessor
configure:9164: g++ -E  conftest.cpp
configure:9164: $? = 0
configure:9178: g++ -E  conftest.cpp
conftest.cpp:23:10: fatal error: ac_nonexistent.h: No such file or directory
   23 | #include <ac_nonexistent.h>
      |          ^~~~~~~~~~~~~~~~~~
compilation terminated.
configure:9178: $? = 1
configure: failed program was:
| /* confdefs.h */
| #define PACKAGE_NAME "velocity"
| #define PACKAGE_TARNAME "velocity"
| #define PACKAGE_VERSION "0.0.1"
| #define PACKAGE_STRING "velocity 0.0.1"
| #define PACKAGE_BUGREPORT "tim@metaverse.systems"
| #define PACKAGE_URL "https://metaverse.systems"
| #define PACKAGE "velocity"
| #define VERSION "0.0.1"
| #define STDC_HEADERS 1
| #define HAVE_SYS_TYPES_H 1
| #define HAVE_SYS_STAT_H 1
| #define HAVE_STDLIB_H 1
| #define HAVE_STRING_H 1
| #define HAVE_MEMORY_H 1
| #define HAVE_STRINGS_H 1
| #define HAVE_INTTYPES_H 1
| #define HAVE_STDINT_H 1
| #define HAVE_UNISTD_H 1
| #define HAVE_DLFCN_H 1
| #define LT_OBJDIR ".libs/"
| /* end confdefs.h.  */
| #include <ac_nonexistent.h>
configure:9203: result: g++ -E
configure:9223: g++ -E  conftest.cpp
configure:9223: $? = 0
configure:9237: g++ -E  conftest.cpp
conftest.cpp:23:10: fatal error: ac_nonexistent.h: No such file or directory
   23 | #include <ac_nonexistent.h>
      |          ^~~~~~~~~~~~~~~~~~
compilation terminated.
configure:9237: $? = 1
configure: failed program was:
| /* confdefs.h */
| #define PACKAGE_NAME "velocity"
| #define PACKAGE_TARNAME "velocity"
| #define PACKAGE_VERSION "0.0.1"
| #define PACKAGE_STRING "velocity 0.0.1"
| #define PACKAGE_BUGREPORT "tim@metaverse.systems"
| #define PACKAGE_URL "https://metaverse.systems"
| #define PACKAGE "velocity"
| #define VERSION "0.0.1"
| #define STDC_HEADERS 1
| #define HAVE_SYS_TYPES_H 1
| #define HAVE_SYS_STAT_H 1
| #define HAVE_STDLIB_H 1
| #define HAVE_STRING_H 1
| #define HAVE_MEMORY_H 1
| #define HAVE_STRINGS_H 1
| #define HAVE_INTTYPES_H 1
| #define HAVE_STDINT_H 1
| #define HAVE_UNISTD_H 1
| #define HAVE_DLFCN_H 1
| #define LT_OBJDIR ".libs/"
| /* end confdefs.h.  */
| #include <ac_nonexistent.h>
configure:9399: checking for ld used by g++
configure:9466: result: /usr/bin/ld -m elf_x86_64
configure:9473: checking if the linker (/usr/bin/ld -m elf_x86_64) is GNU ld
configure:9488: result: yes
configure:9543: checking whether the g++ linker (/usr/bin/ld -m elf_x86_64) supports shared libraries
configure:10616: result: yes
configure:10652: g++ -c -g -O2  conftest.cpp >&5
configure:10655: $? = 0
configure:11136: checking for g++ option to produce PIC
configure:11143: result: -fPIC -DPIC
configure:11151: checking if g++ PIC flag -fPIC -DPIC works
configure:11169: g++ -c -g -O2  -fPIC -DPIC -DPIC conftest.cpp >&5
configure:11173: $? = 0
configure:11186: result: yes
configure:11209: checking if g++ static flag -static works
configure:11237: result: yes
configure:11249: checking if g++ supports -c -o file.o
configure:11270: g++ -c -g -O2  -o out/conftest2.o conftest.cpp >&5
configure:11274: $? = 0
configure:11296: result: yes
configure:11301: checking if g++ supports -c -o file.o
configure:11348: result: yes
configure:11378: checking whether the g++ linker (/usr/bin/ld -m elf_x86_64) supports shared libraries
configure:11421: result: yes
configure:11562: checking dynamic linker characteristics
configure:12319: result: GNU/Linux ld.so
configure:12384: checking how to hardcode library paths into programs
configure:12409: result: immediate
configure:11358: checking for pkg-config
configure:11376: found /usr/bin/pkg-config
configure:11388: result: /usr/bin/pkg-config
configure:11413: checking pkg-config is at least version 0.9.0
configure:11416: result: yes
configure:11426: checking for LIBECS
configure:11433: $PKG_CONFIG --exists --print-errors "ecs-cpp"
configure:11436: $? = 0
configure:11450: $PKG_CONFIG --exists --print-errors "ecs-cpp"
configure:11453: $? = 0
configure:11511: result: yes
configure:11517: checking for JSONCPP
configure:11524: $PKG_CONFIG --exists --print-errors "jsoncpp"
configure:11527: $? = 0
configure:11541: $PKG_CONFIG --exists --print-errors "jsoncpp"
configure:11544: $? = 0
configure:11602: result: yes
configure:11710: checking that generated files are newer than configure
configure:11716: result: done
configure:11743: creating ./config.status

## ---------------------- ##
## Running config.status. ##
## ---------------------- ##

This file was extended by velocity config.status 0.0.1, which was
generated by GNU Autoconf 2.69.  Invocation command line was

  CONFIG_FILES    = 
  CONFIG_HEADERS  = 
  CONFIG_LINKS    = 
  CONFIG_COMMANDS = 
  $ ./config.status 

on tim-linux

config.status:1152: creating Makefile
config.status:1152: creating src/Makefile
config.status:1152: creating config.h
config.status:1381: executing depfiles commands
config.status:1458: cd src       && sed -e '/# am--include-marker/d' Makefile         | make -f - am--depfiles
config.status:1463: $? = 0
config.status:1381: executing libtool commands

## ---------------- ##
## Cache variables. ##
## ---------------- ##

ac_cv_build=x86_64-pc-linux-gnu
ac_cv_c_compiler_gnu=yes
ac_cv_cxx_compiler_gnu=yes
ac_cv_env_CCC_set=
ac_cv_env_CCC_value=
ac_cv_env_CC_set=
ac_cv_env_CC_value=
ac_cv_env_CFLAGS_set=
ac_cv_env_CFLAGS_value=
ac_cv_env_CPPFLAGS_set=
ac_cv_env_CPPFLAGS_value=
ac_cv_env_CPP_set=
ac_cv_env_CPP_value=
ac_cv_env_CXXCPP_set=
ac_cv_env_CXXCPP_value=
ac_cv_env_CXXFLAGS_set=
ac_cv_env_CXXFLAGS_value=
ac_cv_env_CXX_set=
ac_cv_env_CXX_value=
ac_cv_env_JSONCPP_CFLAGS_set=
ac_cv_env_JSONCPP_CFLAGS_value=
ac_cv_env_JSONCPP_LIBS_set=
ac_cv_env_JSONCPP_LIBS_value=
ac_cv_env_LDFLAGS_set=
ac_cv_env_LDFLAGS_value=
ac_cv_env_LIBECS_CFLAGS_set=
ac_cv_env_LIBECS_CFLAGS_value=
ac_cv_env_LIBECS_LIBS_set=
ac_cv_env_LIBECS_LIBS_value=
ac_cv_env_LIBS_set=
ac_cv_env_LIBS_value=
ac_cv_env_LT_SYS_LIBRARY_PATH_set=
ac_cv_env_LT_SYS_LIBRARY_PATH_value=
ac_cv_env_PKG_CONFIG_LIBDIR_set=
ac_cv_env_PKG_CONFIG_LIBDIR_value=
ac_cv_env_PKG_CONFIG_PATH_set=
ac_cv_env_PKG_CONFIG_PATH_value=
ac_cv_env_PKG_CONFIG_set=
ac_cv_env_PKG_CONFIG_value=
ac_cv_env_build_alias_set=
ac_cv_env_build_alias_value=
ac_cv_env_host_alias_set=
ac_cv_env_host_alias_value=
ac_cv_env_target_alias_set=
ac_cv_env_target_alias_value=
ac_cv_header_dlfcn_h=yes
ac_cv_header_inttypes_h=yes
ac_cv_header_memory_h=yes
ac_cv_header_stdc=yes
ac_cv_header_stdint_h=yes
ac_cv_header_stdlib_h=yes
ac_cv_header_string_h=yes
ac_cv_header_strings_h=yes
ac_cv_header_sys_stat_h=yes
ac_cv_header_sys_types_h=yes
ac_cv_header_unistd_h=yes
ac_cv_host=x86_64-pc-linux-gnu
ac_cv_objext=o
ac_cv_path_EGREP='/bin/grep -E'
ac_cv_path_FGREP='/bin/grep -F'
ac_cv_path_GREP=/bin/grep
ac_cv_path_SED=/bin/sed
ac_cv_path_ac_pt_PKG_CONFIG=/usr/bin/pkg-config
ac_cv_path_install='/usr/bin/install -c'
ac_cv_path_lt_DD=/bin/dd
ac_cv_path_mkdir=/bin/mkdir
ac_cv_prog_AWK=gawk
ac_cv_prog_CPP='gcc -E'
ac_cv_prog_CXXCPP='g++ -E'
ac_cv_prog_ac_ct_AR=ar
ac_cv_prog_ac_ct_CC=gcc
ac_cv_prog_ac_ct_CXX=g++
ac_cv_prog_ac_ct_MANIFEST_TOOL=mt
ac_cv_prog_ac_ct_OBJDUMP=objdump
ac_cv_prog_ac_ct_RANLIB=ranlib
ac_cv_prog_ac_ct_STRIP=strip
ac_cv_prog_cc_c89=
ac_cv_prog_cc_g=yes
ac_cv_prog_cxx_g=yes
ac_cv_prog_make_make_set=yes
am_cv_CC_dependencies_compiler_type=gcc3
am_cv_CXX_dependencies_compiler_type=gcc3
am_cv_make_support_nested_variables=yes
am_cv_prog_cc_c_o=yes
lt_cv_ar_at_file=@
lt_cv_archive_cmds_need_lc=no
lt_cv_deplibs_check_method=pass_all
lt_cv_file_magic_cmd='$MAGIC_CMD'
lt_cv_file_magic_test_file=
lt_cv_ld_reload_flag=-r
lt_cv_nm_interface='BSD nm'
lt_cv_objdir=.libs
lt_cv_path_LD=/usr/bin/ld
lt_cv_path_LDCXX='/usr/bin/ld -m elf_x86_64'
lt_cv_path_NM='/usr/bin/nm -B'
lt_cv_path_mainfest_tool=no
lt_cv_prog_compiler_c_o=yes
lt_cv_prog_compiler_c_o_CXX=yes
lt_cv_prog_compiler_pic='-fPIC -DPIC'
lt_cv_prog_compiler_pic_CXX='-fPIC -DPIC'
lt_cv_prog_compiler_pic_works=yes
lt_cv_prog_compiler_pic_works_CXX=yes
lt_cv_prog_compiler_rtti_exceptions=no
lt_cv_prog_compiler_static_works=yes
lt_cv_prog_compiler_static_works_CXX=yes
lt_cv_prog_gnu_ld=yes
lt_cv_prog_gnu_ldcxx=yes
lt_cv_sharedlib_from_linklib_cmd='printf %s\n'
lt_cv_shlibpath_overrides_runpath=yes
lt_cv_sys_global_symbol_pipe='sed -n -e '\''s/^.*[	 ]\([ABCDGIRSTW][ABCDGIRSTW]*\)[	 ][	 ]*\([_A-Za-z][_A-Za-z0-9]*\)$/\1 \2 \2/p'\'' | sed '\''/ __gnu_lto/d'\'''
lt_cv_sys_global_symbol_to_c_name_address='sed -n -e '\''s/^: \(.*\) .*$/  {"\1", (void *) 0},/p'\'' -e '\''s/^[ABCDGIRSTW][ABCDGIRSTW]* .* \(.*\)$/  {"\1", (void *) \&\1},/p'\'''
lt_cv_sys_global_symbol_to_c_name_address_lib_prefix='sed -n -e '\''s/^: \(.*\) .*$/  {"\1", (void *) 0},/p'\'' -e '\''s/^[ABCDGIRSTW][ABCDGIRSTW]* .* \(lib.*\)$/  {"\1", (void *) \&\1},/p'\'' -e '\''s/^[ABCDGIRSTW][ABCDGIRSTW]* .* \(.*\)$/  {"lib\1", (void *) \&\1},/p'\'''
lt_cv_sys_global_symbol_to_cdecl='sed -n -e '\''s/^T .* \(.*\)$/extern int \1();/p'\'' -e '\''s/^[ABCDGIRSTW][ABCDGIRSTW]* .* \(.*\)$/extern char \1;/p'\'''
lt_cv_sys_global_symbol_to_import=
lt_cv_sys_max_cmd_len=1572864
lt_cv_to_host_file_cmd=func_convert_file_noop
lt_cv_to_tool_file_cmd=func_convert_file_noop
lt_cv_truncate_bin='/bin/dd bs=4096 count=1'
pkg_cv_JSONCPP_CFLAGS=-I/usr/include/jsoncpp
pkg_cv_JSONCPP_LIBS=-ljsoncpp
pkg_cv_LIBECS_CFLAGS='-I/usr/local/include -I/usr/include/uuid -I/usr/include/jsoncpp'
pkg_cv_LIBECS_LIBS='-L/usr/local/lib -lecs-cpp -luuid -ljsoncpp'

## ----------------- ##
## Output variables. ##
## ----------------- ##

ACLOCAL='${SHELL} /home/tim/projects/the-seed/missing aclocal-1.16'
AMDEPBACKSLASH='\'
AMDEP_FALSE='#'
AMDEP_TRUE=''
AMTAR='$${TAR-tar}'
AM_BACKSLASH='\'
AM_DEFAULT_V='$(AM_DEFAULT_VERBOSITY)'
AM_DEFAULT_VERBOSITY='1'
AM_V='$(V)'
AR='ar'
AUTOCONF='${SHELL} /home/tim/projects/the-seed/missing autoconf'
AUTOHEADER='${SHELL} /home/tim/projects/the-seed/missing autoheader'
AUTOMAKE='${SHELL} /home/tim/projects/the-seed/missing automake-1.16'
AWK='gawk'
CC='gcc'
CCDEPMODE='depmode=gcc3'
CFLAGS='-g -O2'
CPP='gcc -E'
CPPFLAGS=''
CXX='g++'
CXXCPP='g++ -E'
CXXDEPMODE='depmode=gcc3'
CXXFLAGS='-g -O2'
CYGPATH_W='echo'
DEFS='-DHAVE_CONFIG_H'
DEPDIR='.deps'
DLLTOOL='false'
DSYMUTIL=''
DUMPBIN=''
ECHO_C=''
ECHO_N='-n'
ECHO_T=''
EGREP='/bin/grep -E'
EXEEXT=''
FGREP='/bin/grep -F'
GREP='/bin/grep'
INSTALL_DATA='${INSTALL} -m 644'
INSTALL_PROGRAM='${INSTALL}'
INSTALL_SCRIPT='${INSTALL}'
INSTALL_STRIP_PROGRAM='$(install_sh) -c -s'
JSONCPP_CFLAGS='-I/usr/include/jsoncpp'
JSONCPP_LIBS='-ljsoncpp'
LD='/usr/bin/ld -m elf_x86_64'
LDFLAGS=''
LIBECS_CFLAGS='-I/usr/local/include -I/usr/include/uuid -I/usr/include/jsoncpp'
LIBECS_LIBS='-L/usr/local/lib -lecs-cpp -luuid -ljsoncpp'
LIBOBJS=''
LIBS=''
LIBTOOL='$(SHELL) $(top_builddir)/libtool'
LIPO=''
LN_S='ln -s'
LTLIBOBJS=''
LT_SYS_LIBRARY_PATH=''
MAKEINFO='${SHELL} /home/tim/projects/the-seed/missing makeinfo'
MANIFEST_TOOL=':'
MKDIR_P='/bin/mkdir -p'
NM='/usr/bin/nm -B'
NMEDIT=''
OBJDUMP='objdump'
OBJEXT='o'
OTOOL64=''
OTOOL=''
PACKAGE='velocity'
PACKAGE_BUGREPORT='tim@metaverse.systems'
PACKAGE_NAME='velocity'
PACKAGE_STRING='velocity 0.0.1'
PACKAGE_TARNAME='velocity'
PACKAGE_URL='https://metaverse.systems'
PACKAGE_VERSION='0.0.1'
PATH_SEPARATOR=':'
PKG_CONFIG='/usr/bin/pkg-config'
PKG_CONFIG_LIBDIR=''
PKG_CONFIG_PATH=''
RANLIB='ranlib'
SED='/bin/sed'
SET_MAKE=''
SHELL='/bin/bash'
STRIP='strip'
VERSION='0.0.1'
ac_ct_AR='ar'
ac_ct_CC='gcc'
ac_ct_CXX='g++'
ac_ct_DUMPBIN=''
am__EXEEXT_FALSE=''
am__EXEEXT_TRUE='#'
am__fastdepCC_FALSE='#'
am__fastdepCC_TRUE=''
am__fastdepCXX_FALSE='#'
am__fastdepCXX_TRUE=''
am__include='include'
am__isrc=''
am__leading_dot='.'
am__nodep='_no'
am__quote=''
am__tar='$${TAR-tar} chof - "$$tardir"'
am__untar='$${TAR-tar} xf -'
bindir='${exec_prefix}/bin'
build='x86_64-pc-linux-gnu'
build_alias=''
build_cpu='x86_64'
build_os='linux-gnu'
build_vendor='pc'
datadir='${datarootdir}'
datarootdir='${prefix}/share'
docdir='${datarootdir}/doc/${PACKAGE_TARNAME}'
dvidir='${docdir}'
exec_prefix='${prefix}'
host='x86_64-pc-linux-gnu'
host_alias=''
host_cpu='x86_64'
host_os='linux-gnu'
host_vendor='pc'
htmldir='${docdir}'
includedir='${prefix}/include'
infodir='${datarootdir}/info'
install_sh='${SHELL} /home/tim/projects/the-seed/install-sh'
libdir='${exec_prefix}/lib'
libexecdir='${exec_prefix}/libexec'
localedir='${datarootdir}/locale'
localstatedir='${prefix}/var'
mandir='${datarootdir}/man'
mkdir_p='$(MKDIR_P)'
oldincludedir='/usr/include'
pdfdir='${docdir}'
prefix='/usr/local'
program_transform_name='s,x,x,'
psdir='${docdir}'
runstatedir='${localstatedir}/run'
sbindir='${exec_prefix}/sbin'
sharedstatedir='${prefix}/com'
sysconfdir='${prefix}/etc'
target_alias=''

## ----------- ##
## confdefs.h. ##
## ----------- ##

/* confdefs.h */
#define PACKAGE_NAME "velocity"
#define PACKAGE_TARNAME "velocity"
#define PACKAGE_VERSION "0.0.1"
#define PACKAGE_STRING "velocity 0.0.1"
#define PACKAGE_BUGREPORT "tim@metaverse.systems"
#define PACKAGE_URL "https://metaverse.systems"
#define PACKAGE "velocity"
#define VERSION "0.0.1"
#define STDC_HEADERS 1
#define HAVE_SYS_TYPES_H 1
#define HAVE_SYS_STAT_H 1
#define HAVE_STDLIB_H 1
#define HAVE_STRING_H 1
#define HAVE_MEMORY_H 1
#define HAVE_STRINGS_H 1
#define HAVE_INTTYPES_H 1
#define HAVE_STDINT_H 1
#define HAVE_UNISTD_H 1
#define HAVE_DLFCN_H 1
#define LT_OBJDIR ".libs/"

configure: exit 0

## ---------------------- ##
## Running config.status. ##
## ---------------------- ##

This file was extended by velocity config.status 0.0.1, which was
generated by GNU Autoconf 2.69.  Invocation command line was

  CONFIG_FILES    = 
  CONFIG_HEADERS  = 
  CONFIG_LINKS    = 
  CONFIG_COMMANDS = 
  $ ./config.status config.h

on tim-linux

config.status:1152: creating config.h
config.status:1333: config.h is unchanged
